The system is: Linux - 4.15.0-20-generic - x86_64
Compiling the C compiler identification source file "CMakeCCompilerId.c" succeeded.
Compiler: /usr/bin/cc 
Build flags: 
Id flags:  

The output was:
0


Compilation of the C compiler identification source "CMakeCCompilerId.c" produced "a.out"

The C compiler identification is GNU, found in "/home/kooli/TSP/CSC4508/AVL-tree/cmocka/build/CMakeFiles/3.10.2/CompilerIdC/a.out"

Determining if the C compiler works passed with the following output:
Change Dir: /home/kooli/TSP/CSC4508/AVL-tree/cmocka/build/CMakeFiles/CMakeTmp

Run Build Command:"/usr/bin/make" "cmTC_ce305/fast"
/usr/bin/make -f CMakeFiles/cmTC_ce305.dir/build.make CMakeFiles/cmTC_ce305.dir/build
make[1]: Entering directory '/home/kooli/TSP/CSC4508/AVL-tree/cmocka/build/CMakeFiles/CMakeTmp'
Building C object CMakeFiles/cmTC_ce305.dir/testCCompiler.c.o
/usr/bin/cc    -o CMakeFiles/cmTC_ce305.dir/testCCompiler.c.o   -c /home/kooli/TSP/CSC4508/AVL-tree/cmocka/build/CMakeFiles/CMakeTmp/testCCompiler.c
Linking C executable cmTC_ce305
/usr/bin/cmake -E cmake_link_script CMakeFiles/cmTC_ce305.dir/link.txt --verbose=1
/usr/bin/cc      -rdynamic CMakeFiles/cmTC_ce305.dir/testCCompiler.c.o  -o cmTC_ce305 
make[1]: Leaving directory '/home/kooli/TSP/CSC4508/AVL-tree/cmocka/build/CMakeFiles/CMakeTmp'


Detecting C compiler ABI info compiled with the following output:
Change Dir: /home/kooli/TSP/CSC4508/AVL-tree/cmocka/build/CMakeFiles/CMakeTmp

Run Build Command:"/usr/bin/make" "cmTC_5c938/fast"
/usr/bin/make -f CMakeFiles/cmTC_5c938.dir/build.make CMakeFiles/cmTC_5c938.dir/build
make[1]: Entering directory '/home/kooli/TSP/CSC4508/AVL-tree/cmocka/build/CMakeFiles/CMakeTmp'
Building C object CMakeFiles/cmTC_5c938.dir/CMakeCCompilerABI.c.o
/usr/bin/cc    -o CMakeFiles/cmTC_5c938.dir/CMakeCCompilerABI.c.o   -c /usr/share/cmake-3.10/Modules/CMakeCCompilerABI.c
Linking C executable cmTC_5c938
/usr/bin/cmake -E cmake_link_script CMakeFiles/cmTC_5c938.dir/link.txt --verbose=1
/usr/bin/cc     -v -rdynamic CMakeFiles/cmTC_5c938.dir/CMakeCCompilerABI.c.o  -o cmTC_5c938 
Using built-in specs.
COLLECT_GCC=/usr/bin/cc
COLLECT_LTO_WRAPPER=/usr/lib/gcc/x86_64-linux-gnu/7/lto-wrapper
OFFLOAD_TARGET_NAMES=nvptx-none
OFFLOAD_TARGET_DEFAULT=1
Target: x86_64-linux-gnu
Configured with: ../src/configure -v --with-pkgversion='Ubuntu 7.3.0-16ubuntu3' --with-bugurl=file:///usr/share/doc/gcc-7/README.Bugs --enable-languages=c,ada,c++,go,brig,d,fortran,objc,obj-c++ --prefix=/usr --with-gcc-major-version-only --with-as=/usr/bin/x86_64-linux-gnu-as --with-ld=/usr/bin/x86_64-linux-gnu-ld --program-suffix=-7 --program-prefix=x86_64-linux-gnu- --enable-shared --enable-linker-build-id --libexecdir=/usr/lib --without-included-gettext --enable-threads=posix --libdir=/usr/lib --enable-nls --with-sysroot=/ --enable-clocale=gnu --enable-libstdcxx-debug --enable-libstdcxx-time=yes --with-default-libstdcxx-abi=new --enable-gnu-unique-object --disable-vtable-verify --enable-libmpx --enable-plugin --enable-default-pie --with-system-zlib --with-target-system-zlib --enable-objc-gc=auto --enable-multiarch --disable-werror --with-arch-32=i686 --with-abi=m64 --with-multilib-list=m32,m64,mx32 --enable-multilib --with-tune=generic --enable-offload-targets=nvptx-none --without-cuda-driver --enable-checking=release --build=x86_64-linux-gnu --host=x86_64-linux-gnu --target=x86_64-linux-gnu
Thread model: posix
gcc version 7.3.0 (Ubuntu 7.3.0-16ubuntu3) 
COMPILER_PATH=/usr/lib/gcc/x86_64-linux-gnu/7/:/usr/lib/gcc/x86_64-linux-gnu/7/:/usr/lib/gcc/x86_64-linux-gnu/:/usr/lib/gcc/x86_64-linux-gnu/7/:/usr/lib/gcc/x86_64-linux-gnu/
LIBRARY_PATH=/usr/lib/gcc/x86_64-linux-gnu/7/:/usr/lib/gcc/x86_64-linux-gnu/7/../../../x86_64-linux-gnu/:/usr/lib/gcc/x86_64-linux-gnu/7/../../../../lib/:/lib/x86_64-linux-gnu/:/lib/../lib/:/usr/lib/x86_64-linux-gnu/:/usr/lib/../lib/:/usr/lib/gcc/x86_64-linux-gnu/7/../../../:/lib/:/usr/lib/
COLLECT_GCC_OPTIONS='-v' '-rdynamic' '-o' 'cmTC_5c938' '-mtune=generic' '-march=x86-64'
 /usr/lib/gcc/x86_64-linux-gnu/7/collect2 -plugin /usr/lib/gcc/x86_64-linux-gnu/7/liblto_plugin.so -plugin-opt=/usr/lib/gcc/x86_64-linux-gnu/7/lto-wrapper -plugin-opt=-fresolution=/tmp/cc34evva.res -plugin-opt=-pass-through=-lgcc -plugin-opt=-pass-through=-lgcc_s -plugin-opt=-pass-through=-lc -plugin-opt=-pass-through=-lgcc -plugin-opt=-pass-through=-lgcc_s --sysroot=/ --build-id --eh-frame-hdr -m elf_x86_64 --hash-style=gnu --as-needed -export-dynamic -dynamic-linker /lib64/ld-linux-x86-64.so.2 -pie -z now -z relro -o cmTC_5c938 /usr/lib/gcc/x86_64-linux-gnu/7/../../../x86_64-linux-gnu/Scrt1.o /usr/lib/gcc/x86_64-linux-gnu/7/../../../x86_64-linux-gnu/crti.o /usr/lib/gcc/x86_64-linux-gnu/7/crtbeginS.o -L/usr/lib/gcc/x86_64-linux-gnu/7 -L/usr/lib/gcc/x86_64-linux-gnu/7/../../../x86_64-linux-gnu -L/usr/lib/gcc/x86_64-linux-gnu/7/../../../../lib -L/lib/x86_64-linux-gnu -L/lib/../lib -L/usr/lib/x86_64-linux-gnu -L/usr/lib/../lib -L/usr/lib/gcc/x86_64-linux-gnu/7/../../.. CMakeFiles/cmTC_5c938.dir/CMakeCCompilerABI.c.o -lgcc --push-state --as-needed -lgcc_s --pop-state -lc -lgcc --push-state --as-needed -lgcc_s --pop-state /usr/lib/gcc/x86_64-linux-gnu/7/crtendS.o /usr/lib/gcc/x86_64-linux-gnu/7/../../../x86_64-linux-gnu/crtn.o
COLLECT_GCC_OPTIONS='-v' '-rdynamic' '-o' 'cmTC_5c938' '-mtune=generic' '-march=x86-64'
make[1]: Leaving directory '/home/kooli/TSP/CSC4508/AVL-tree/cmocka/build/CMakeFiles/CMakeTmp'


Parsed C implicit link information from above output:
  link line regex: [^( *|.*[/\])(ld|CMAKE_LINK_STARTFILE-NOTFOUND|([^/\]+-)?ld|collect2)[^/\]*( |$)]
  ignore line: [Change Dir: /home/kooli/TSP/CSC4508/AVL-tree/cmocka/build/CMakeFiles/CMakeTmp]
  ignore line: []
  ignore line: [Run Build Command:"/usr/bin/make" "cmTC_5c938/fast"]
  ignore line: [/usr/bin/make -f CMakeFiles/cmTC_5c938.dir/build.make CMakeFiles/cmTC_5c938.dir/build]
  ignore line: [make[1]: Entering directory '/home/kooli/TSP/CSC4508/AVL-tree/cmocka/build/CMakeFiles/CMakeTmp']
  ignore line: [Building C object CMakeFiles/cmTC_5c938.dir/CMakeCCompilerABI.c.o]
  ignore line: [/usr/bin/cc    -o CMakeFiles/cmTC_5c938.dir/CMakeCCompilerABI.c.o   -c /usr/share/cmake-3.10/Modules/CMakeCCompilerABI.c]
  ignore line: [Linking C executable cmTC_5c938]
  ignore line: [/usr/bin/cmake -E cmake_link_script CMakeFiles/cmTC_5c938.dir/link.txt --verbose=1]
  ignore line: [/usr/bin/cc     -v -rdynamic CMakeFiles/cmTC_5c938.dir/CMakeCCompilerABI.c.o  -o cmTC_5c938 ]
  ignore line: [Using built-in specs.]
  ignore line: [COLLECT_GCC=/usr/bin/cc]
  ignore line: [COLLECT_LTO_WRAPPER=/usr/lib/gcc/x86_64-linux-gnu/7/lto-wrapper]
  ignore line: [OFFLOAD_TARGET_NAMES=nvptx-none]
  ignore line: [OFFLOAD_TARGET_DEFAULT=1]
  ignore line: [Target: x86_64-linux-gnu]
  ignore line: [Configured with: ../src/configure -v --with-pkgversion='Ubuntu 7.3.0-16ubuntu3' --with-bugurl=file:///usr/share/doc/gcc-7/README.Bugs --enable-languages=c,ada,c++,go,brig,d,fortran,objc,obj-c++ --prefix=/usr --with-gcc-major-version-only --with-as=/usr/bin/x86_64-linux-gnu-as --with-ld=/usr/bin/x86_64-linux-gnu-ld --program-suffix=-7 --program-prefix=x86_64-linux-gnu- --enable-shared --enable-linker-build-id --libexecdir=/usr/lib --without-included-gettext --enable-threads=posix --libdir=/usr/lib --enable-nls --with-sysroot=/ --enable-clocale=gnu --enable-libstdcxx-debug --enable-libstdcxx-time=yes --with-default-libstdcxx-abi=new --enable-gnu-unique-object --disable-vtable-verify --enable-libmpx --enable-plugin --enable-default-pie --with-system-zlib --with-target-system-zlib --enable-objc-gc=auto --enable-multiarch --disable-werror --with-arch-32=i686 --with-abi=m64 --with-multilib-list=m32,m64,mx32 --enable-multilib --with-tune=generic --enable-offload-targets=nvptx-none --without-cuda-driver --enable-checking=release --build=x86_64-linux-gnu --host=x86_64-linux-gnu --target=x86_64-linux-gnu]
  ignore line: [Thread model: posix]
  ignore line: [gcc version 7.3.0 (Ubuntu 7.3.0-16ubuntu3) ]
  ignore line: [COMPILER_PATH=/usr/lib/gcc/x86_64-linux-gnu/7/:/usr/lib/gcc/x86_64-linux-gnu/7/:/usr/lib/gcc/x86_64-linux-gnu/:/usr/lib/gcc/x86_64-linux-gnu/7/:/usr/lib/gcc/x86_64-linux-gnu/]
  ignore line: [LIBRARY_PATH=/usr/lib/gcc/x86_64-linux-gnu/7/:/usr/lib/gcc/x86_64-linux-gnu/7/../../../x86_64-linux-gnu/:/usr/lib/gcc/x86_64-linux-gnu/7/../../../../lib/:/lib/x86_64-linux-gnu/:/lib/../lib/:/usr/lib/x86_64-linux-gnu/:/usr/lib/../lib/:/usr/lib/gcc/x86_64-linux-gnu/7/../../../:/lib/:/usr/lib/]
  ignore line: [COLLECT_GCC_OPTIONS='-v' '-rdynamic' '-o' 'cmTC_5c938' '-mtune=generic' '-march=x86-64']
  link line: [ /usr/lib/gcc/x86_64-linux-gnu/7/collect2 -plugin /usr/lib/gcc/x86_64-linux-gnu/7/liblto_plugin.so -plugin-opt=/usr/lib/gcc/x86_64-linux-gnu/7/lto-wrapper -plugin-opt=-fresolution=/tmp/cc34evva.res -plugin-opt=-pass-through=-lgcc -plugin-opt=-pass-through=-lgcc_s -plugin-opt=-pass-through=-lc -plugin-opt=-pass-through=-lgcc -plugin-opt=-pass-through=-lgcc_s --sysroot=/ --build-id --eh-frame-hdr -m elf_x86_64 --hash-style=gnu --as-needed -export-dynamic -dynamic-linker /lib64/ld-linux-x86-64.so.2 -pie -z now -z relro -o cmTC_5c938 /usr/lib/gcc/x86_64-linux-gnu/7/../../../x86_64-linux-gnu/Scrt1.o /usr/lib/gcc/x86_64-linux-gnu/7/../../../x86_64-linux-gnu/crti.o /usr/lib/gcc/x86_64-linux-gnu/7/crtbeginS.o -L/usr/lib/gcc/x86_64-linux-gnu/7 -L/usr/lib/gcc/x86_64-linux-gnu/7/../../../x86_64-linux-gnu -L/usr/lib/gcc/x86_64-linux-gnu/7/../../../../lib -L/lib/x86_64-linux-gnu -L/lib/../lib -L/usr/lib/x86_64-linux-gnu -L/usr/lib/../lib -L/usr/lib/gcc/x86_64-linux-gnu/7/../../.. CMakeFiles/cmTC_5c938.dir/CMakeCCompilerABI.c.o -lgcc --push-state --as-needed -lgcc_s --pop-state -lc -lgcc --push-state --as-needed -lgcc_s --pop-state /usr/lib/gcc/x86_64-linux-gnu/7/crtendS.o /usr/lib/gcc/x86_64-linux-gnu/7/../../../x86_64-linux-gnu/crtn.o]
    arg [/usr/lib/gcc/x86_64-linux-gnu/7/collect2] ==> ignore
    arg [-plugin] ==> ignore
    arg [/usr/lib/gcc/x86_64-linux-gnu/7/liblto_plugin.so] ==> ignore
    arg [-plugin-opt=/usr/lib/gcc/x86_64-linux-gnu/7/lto-wrapper] ==> ignore
    arg [-plugin-opt=-fresolution=/tmp/cc34evva.res] ==> ignore
    arg [-plugin-opt=-pass-through=-lgcc] ==> ignore
    arg [-plugin-opt=-pass-through=-lgcc_s] ==> ignore
    arg [-plugin-opt=-pass-through=-lc] ==> ignore
    arg [-plugin-opt=-pass-through=-lgcc] ==> ignore
    arg [-plugin-opt=-pass-through=-lgcc_s] ==> ignore
    arg [--sysroot=/] ==> ignore
    arg [--build-id] ==> ignore
    arg [--eh-frame-hdr] ==> ignore
    arg [-m] ==> ignore
    arg [elf_x86_64] ==> ignore
    arg [--hash-style=gnu] ==> ignore
    arg [--as-needed] ==> ignore
    arg [-export-dynamic] ==> ignore
    arg [-dynamic-linker] ==> ignore
    arg [/lib64/ld-linux-x86-64.so.2] ==> ignore
    arg [-pie] ==> ignore
    arg [-znow] ==> ignore
    arg [-zrelro] ==> ignore
    arg [-o] ==> ignore
    arg [cmTC_5c938] ==> ignore
    arg [/usr/lib/gcc/x86_64-linux-gnu/7/../../../x86_64-linux-gnu/Scrt1.o] ==> ignore
    arg [/usr/lib/gcc/x86_64-linux-gnu/7/../../../x86_64-linux-gnu/crti.o] ==> ignore
    arg [/usr/lib/gcc/x86_64-linux-gnu/7/crtbeginS.o] ==> ignore
    arg [-L/usr/lib/gcc/x86_64-linux-gnu/7] ==> dir [/usr/lib/gcc/x86_64-linux-gnu/7]
    arg [-L/usr/lib/gcc/x86_64-linux-gnu/7/../../../x86_64-linux-gnu] ==> dir [/usr/lib/gcc/x86_64-linux-gnu/7/../../../x86_64-linux-gnu]
    arg [-L/usr/lib/gcc/x86_64-linux-gnu/7/../../../../lib] ==> dir [/usr/lib/gcc/x86_64-linux-gnu/7/../../../../lib]
    arg [-L/lib/x86_64-linux-gnu] ==> dir [/lib/x86_64-linux-gnu]
    arg [-L/lib/../lib] ==> dir [/lib/../lib]
    arg [-L/usr/lib/x86_64-linux-gnu] ==> dir [/usr/lib/x86_64-linux-gnu]
    arg [-L/usr/lib/../lib] ==> dir [/usr/lib/../lib]
    arg [-L/usr/lib/gcc/x86_64-linux-gnu/7/../../..] ==> dir [/usr/lib/gcc/x86_64-linux-gnu/7/../../..]
    arg [CMakeFiles/cmTC_5c938.dir/CMakeCCompilerABI.c.o] ==> ignore
    arg [-lgcc] ==> lib [gcc]
    arg [--push-state] ==> ignore
    arg [--as-needed] ==> ignore
    arg [-lgcc_s] ==> lib [gcc_s]
    arg [--pop-state] ==> ignore
    arg [-lc] ==> lib [c]
    arg [-lgcc] ==> lib [gcc]
    arg [--push-state] ==> ignore
    arg [--as-needed] ==> ignore
    arg [-lgcc_s] ==> lib [gcc_s]
    arg [--pop-state] ==> ignore
    arg [/usr/lib/gcc/x86_64-linux-gnu/7/crtendS.o] ==> ignore
    arg [/usr/lib/gcc/x86_64-linux-gnu/7/../../../x86_64-linux-gnu/crtn.o] ==> ignore
  collapse library dir [/usr/lib/gcc/x86_64-linux-gnu/7] ==> [/usr/lib/gcc/x86_64-linux-gnu/7]
  collapse library dir [/usr/lib/gcc/x86_64-linux-gnu/7/../../../x86_64-linux-gnu] ==> [/usr/lib/x86_64-linux-gnu]
  collapse library dir [/usr/lib/gcc/x86_64-linux-gnu/7/../../../../lib] ==> [/usr/lib]
  collapse library dir [/lib/x86_64-linux-gnu] ==> [/lib/x86_64-linux-gnu]
  collapse library dir [/lib/../lib] ==> [/lib]
  collapse library dir [/usr/lib/x86_64-linux-gnu] ==> [/usr/lib/x86_64-linux-gnu]
  collapse library dir [/usr/lib/../lib] ==> [/usr/lib]
  collapse library dir [/usr/lib/gcc/x86_64-linux-gnu/7/../../..] ==> [/usr/lib]
  implicit libs: [gcc;gcc_s;c;gcc;gcc_s]
  implicit dirs: [/usr/lib/gcc/x86_64-linux-gnu/7;/usr/lib/x86_64-linux-gnu;/usr/lib;/lib/x86_64-linux-gnu;/lib]
  implicit fwks: []




Detecting C [-std=c11] compiler features compiled with the following output:
Change Dir: /home/kooli/TSP/CSC4508/AVL-tree/cmocka/build/CMakeFiles/CMakeTmp

Run Build Command:"/usr/bin/make" "cmTC_fafa1/fast"
/usr/bin/make -f CMakeFiles/cmTC_fafa1.dir/build.make CMakeFiles/cmTC_fafa1.dir/build
make[1]: Entering directory '/home/kooli/TSP/CSC4508/AVL-tree/cmocka/build/CMakeFiles/CMakeTmp'
Building C object CMakeFiles/cmTC_fafa1.dir/feature_tests.c.o
/usr/bin/cc   -std=c11 -o CMakeFiles/cmTC_fafa1.dir/feature_tests.c.o   -c /home/kooli/TSP/CSC4508/AVL-tree/cmocka/build/CMakeFiles/feature_tests.c
Linking C executable cmTC_fafa1
/usr/bin/cmake -E cmake_link_script CMakeFiles/cmTC_fafa1.dir/link.txt --verbose=1
/usr/bin/cc      -rdynamic CMakeFiles/cmTC_fafa1.dir/feature_tests.c.o  -o cmTC_fafa1 
make[1]: Leaving directory '/home/kooli/TSP/CSC4508/AVL-tree/cmocka/build/CMakeFiles/CMakeTmp'


    Feature record: C_FEATURE:1c_function_prototypes
    Feature record: C_FEATURE:1c_restrict
    Feature record: C_FEATURE:1c_static_assert
    Feature record: C_FEATURE:1c_variadic_macros


Detecting C [-std=c99] compiler features compiled with the following output:
Change Dir: /home/kooli/TSP/CSC4508/AVL-tree/cmocka/build/CMakeFiles/CMakeTmp

Run Build Command:"/usr/bin/make" "cmTC_10d20/fast"
/usr/bin/make -f CMakeFiles/cmTC_10d20.dir/build.make CMakeFiles/cmTC_10d20.dir/build
make[1]: Entering directory '/home/kooli/TSP/CSC4508/AVL-tree/cmocka/build/CMakeFiles/CMakeTmp'
Building C object CMakeFiles/cmTC_10d20.dir/feature_tests.c.o
/usr/bin/cc   -std=c99 -o CMakeFiles/cmTC_10d20.dir/feature_tests.c.o   -c /home/kooli/TSP/CSC4508/AVL-tree/cmocka/build/CMakeFiles/feature_tests.c
Linking C executable cmTC_10d20
/usr/bin/cmake -E cmake_link_script CMakeFiles/cmTC_10d20.dir/link.txt --verbose=1
/usr/bin/cc      -rdynamic CMakeFiles/cmTC_10d20.dir/feature_tests.c.o  -o cmTC_10d20 
make[1]: Leaving directory '/home/kooli/TSP/CSC4508/AVL-tree/cmocka/build/CMakeFiles/CMakeTmp'


    Feature record: C_FEATURE:1c_function_prototypes
    Feature record: C_FEATURE:1c_restrict
    Feature record: C_FEATURE:0c_static_assert
    Feature record: C_FEATURE:1c_variadic_macros


Detecting C [-std=c90] compiler features compiled with the following output:
Change Dir: /home/kooli/TSP/CSC4508/AVL-tree/cmocka/build/CMakeFiles/CMakeTmp

Run Build Command:"/usr/bin/make" "cmTC_8ffe9/fast"
/usr/bin/make -f CMakeFiles/cmTC_8ffe9.dir/build.make CMakeFiles/cmTC_8ffe9.dir/build
make[1]: Entering directory '/home/kooli/TSP/CSC4508/AVL-tree/cmocka/build/CMakeFiles/CMakeTmp'
Building C object CMakeFiles/cmTC_8ffe9.dir/feature_tests.c.o
/usr/bin/cc   -std=c90 -o CMakeFiles/cmTC_8ffe9.dir/feature_tests.c.o   -c /home/kooli/TSP/CSC4508/AVL-tree/cmocka/build/CMakeFiles/feature_tests.c
Linking C executable cmTC_8ffe9
/usr/bin/cmake -E cmake_link_script CMakeFiles/cmTC_8ffe9.dir/link.txt --verbose=1
/usr/bin/cc      -rdynamic CMakeFiles/cmTC_8ffe9.dir/feature_tests.c.o  -o cmTC_8ffe9 
make[1]: Leaving directory '/home/kooli/TSP/CSC4508/AVL-tree/cmocka/build/CMakeFiles/CMakeTmp'


    Feature record: C_FEATURE:1c_function_prototypes
    Feature record: C_FEATURE:0c_restrict
    Feature record: C_FEATURE:0c_static_assert
    Feature record: C_FEATURE:0c_variadic_macros
Performing C SOURCE FILE Test WITH_FPIC succeeded with the following output:
Change Dir: /home/kooli/TSP/CSC4508/AVL-tree/cmocka/build/CMakeFiles/CMakeTmp

Run Build Command:"/usr/bin/make" "cmTC_2a6db/fast"
/usr/bin/make -f CMakeFiles/cmTC_2a6db.dir/build.make CMakeFiles/cmTC_2a6db.dir/build
make[1]: Entering directory '/home/kooli/TSP/CSC4508/AVL-tree/cmocka/build/CMakeFiles/CMakeTmp'
Building C object CMakeFiles/cmTC_2a6db.dir/src.c.o
/usr/bin/cc   -std=gnu99 -pedantic -pedantic-errors -Wall -Wextra -Wshadow -Wmissing-prototypes -Wdeclaration-after-statement -Wunused -Wfloat-equal -Wpointer-arith -Wwrite-strings -Wformat-security -Wmissing-format-attribute -Wundef -Wstrict-prototypes -DWITH_FPIC   -fPIC -o CMakeFiles/cmTC_2a6db.dir/src.c.o   -c /home/kooli/TSP/CSC4508/AVL-tree/cmocka/build/CMakeFiles/CMakeTmp/src.c
Linking C executable cmTC_2a6db
/usr/bin/cmake -E cmake_link_script CMakeFiles/cmTC_2a6db.dir/link.txt --verbose=1
/usr/bin/cc  -std=gnu99 -pedantic -pedantic-errors -Wall -Wextra -Wshadow -Wmissing-prototypes -Wdeclaration-after-statement -Wunused -Wfloat-equal -Wpointer-arith -Wwrite-strings -Wformat-security -Wmissing-format-attribute -Wundef -Wstrict-prototypes -DWITH_FPIC    -rdynamic CMakeFiles/cmTC_2a6db.dir/src.c.o  -o cmTC_2a6db 
make[1]: Leaving directory '/home/kooli/TSP/CSC4508/AVL-tree/cmocka/build/CMakeFiles/CMakeTmp'

Source file was:
int main(void) { return 0; }
Performing C SOURCE FILE Test WITH_STACK_PROTECTOR succeeded with the following output:
Change Dir: /home/kooli/TSP/CSC4508/AVL-tree/cmocka/build/CMakeFiles/CMakeTmp

Run Build Command:"/usr/bin/make" "cmTC_88f43/fast"
/usr/bin/make -f CMakeFiles/cmTC_88f43.dir/build.make CMakeFiles/cmTC_88f43.dir/build
make[1]: Entering directory '/home/kooli/TSP/CSC4508/AVL-tree/cmocka/build/CMakeFiles/CMakeTmp'
Building C object CMakeFiles/cmTC_88f43.dir/src.c.o
/usr/bin/cc   -std=gnu99 -pedantic -pedantic-errors -Wall -Wextra -Wshadow -Wmissing-prototypes -Wdeclaration-after-statement -Wunused -Wfloat-equal -Wpointer-arith -Wwrite-strings -Wformat-security -Wmissing-format-attribute -Wundef -Wstrict-prototypes -fPIC -DWITH_STACK_PROTECTOR   -fstack-protector -o CMakeFiles/cmTC_88f43.dir/src.c.o   -c /home/kooli/TSP/CSC4508/AVL-tree/cmocka/build/CMakeFiles/CMakeTmp/src.c
/home/kooli/TSP/CSC4508/AVL-tree/cmocka/build/CMakeFiles/CMakeTmp/src.c: In function ‘main’:
/home/kooli/TSP/CSC4508/AVL-tree/cmocka/build/CMakeFiles/CMakeTmp/src.c:1:27: warning: unused parameter ‘argv’ [-Wunused-parameter]
 int main(int argc, char **argv) { char buffer[256]; return buffer[argc]=0;}
                           ^~~~
Linking C executable cmTC_88f43
/usr/bin/cmake -E cmake_link_script CMakeFiles/cmTC_88f43.dir/link.txt --verbose=1
/usr/bin/cc  -std=gnu99 -pedantic -pedantic-errors -Wall -Wextra -Wshadow -Wmissing-prototypes -Wdeclaration-after-statement -Wunused -Wfloat-equal -Wpointer-arith -Wwrite-strings -Wformat-security -Wmissing-format-attribute -Wundef -Wstrict-prototypes -fPIC -DWITH_STACK_PROTECTOR    -rdynamic CMakeFiles/cmTC_88f43.dir/src.c.o  -o cmTC_88f43 
make[1]: Leaving directory '/home/kooli/TSP/CSC4508/AVL-tree/cmocka/build/CMakeFiles/CMakeTmp'

Source file was:
int main(int argc, char **argv) { char buffer[256]; return buffer[argc]=0;}
Performing C SOURCE FILE Test WITH_VISIBILITY_HIDDEN succeeded with the following output:
Change Dir: /home/kooli/TSP/CSC4508/AVL-tree/cmocka/build/CMakeFiles/CMakeTmp

Run Build Command:"/usr/bin/make" "cmTC_07835/fast"
/usr/bin/make -f CMakeFiles/cmTC_07835.dir/build.make CMakeFiles/cmTC_07835.dir/build
make[1]: Entering directory '/home/kooli/TSP/CSC4508/AVL-tree/cmocka/build/CMakeFiles/CMakeTmp'
Building C object CMakeFiles/cmTC_07835.dir/src.c.o
/usr/bin/cc   -std=gnu99 -pedantic -pedantic-errors -Wall -Wextra -Wshadow -Wmissing-prototypes -Wdeclaration-after-statement -Wunused -Wfloat-equal -Wpointer-arith -Wwrite-strings -Wformat-security -Wmissing-format-attribute -Wundef -Wstrict-prototypes -fPIC -fstack-protector -D_GNU_SOURCE -D_LARGEFILE64_SOURCE -DWITH_VISIBILITY_HIDDEN   -fvisibility=hidden -o CMakeFiles/cmTC_07835.dir/src.c.o   -c /home/kooli/TSP/CSC4508/AVL-tree/cmocka/build/CMakeFiles/CMakeTmp/src.c
Linking C executable cmTC_07835
/usr/bin/cmake -E cmake_link_script CMakeFiles/cmTC_07835.dir/link.txt --verbose=1
/usr/bin/cc  -std=gnu99 -pedantic -pedantic-errors -Wall -Wextra -Wshadow -Wmissing-prototypes -Wdeclaration-after-statement -Wunused -Wfloat-equal -Wpointer-arith -Wwrite-strings -Wformat-security -Wmissing-format-attribute -Wundef -Wstrict-prototypes -fPIC -fstack-protector -D_GNU_SOURCE -D_LARGEFILE64_SOURCE -DWITH_VISIBILITY_HIDDEN    -rdynamic CMakeFiles/cmTC_07835.dir/src.c.o  -o cmTC_07835 
make[1]: Leaving directory '/home/kooli/TSP/CSC4508/AVL-tree/cmocka/build/CMakeFiles/CMakeTmp'

Source file was:
int main(void) { return 0; }
Determining if the include file assert.h exists passed with the following output:
Change Dir: /home/kooli/TSP/CSC4508/AVL-tree/cmocka/build/CMakeFiles/CMakeTmp

Run Build Command:"/usr/bin/make" "cmTC_c3ac2/fast"
/usr/bin/make -f CMakeFiles/cmTC_c3ac2.dir/build.make CMakeFiles/cmTC_c3ac2.dir/build
make[1]: Entering directory '/home/kooli/TSP/CSC4508/AVL-tree/cmocka/build/CMakeFiles/CMakeTmp'
Building C object CMakeFiles/cmTC_c3ac2.dir/CheckIncludeFile.c.o
/usr/bin/cc   -std=gnu99 -pedantic -pedantic-errors -Wall -Wextra -Wshadow -Wmissing-prototypes -Wdeclaration-after-statement -Wunused -Wfloat-equal -Wpointer-arith -Wwrite-strings -Wformat-security -Wmissing-format-attribute -Wundef -Wstrict-prototypes -fPIC -fstack-protector -D_GNU_SOURCE -D_LARGEFILE64_SOURCE    -o CMakeFiles/cmTC_c3ac2.dir/CheckIncludeFile.c.o   -c /home/kooli/TSP/CSC4508/AVL-tree/cmocka/build/CMakeFiles/CMakeTmp/CheckIncludeFile.c
Linking C executable cmTC_c3ac2
/usr/bin/cmake -E cmake_link_script CMakeFiles/cmTC_c3ac2.dir/link.txt --verbose=1
/usr/bin/cc  -std=gnu99 -pedantic -pedantic-errors -Wall -Wextra -Wshadow -Wmissing-prototypes -Wdeclaration-after-statement -Wunused -Wfloat-equal -Wpointer-arith -Wwrite-strings -Wformat-security -Wmissing-format-attribute -Wundef -Wstrict-prototypes -fPIC -fstack-protector -D_GNU_SOURCE -D_LARGEFILE64_SOURCE     -rdynamic CMakeFiles/cmTC_c3ac2.dir/CheckIncludeFile.c.o  -o cmTC_c3ac2 
make[1]: Leaving directory '/home/kooli/TSP/CSC4508/AVL-tree/cmocka/build/CMakeFiles/CMakeTmp'


Determining if the include file inttypes.h exists passed with the following output:
Change Dir: /home/kooli/TSP/CSC4508/AVL-tree/cmocka/build/CMakeFiles/CMakeTmp

Run Build Command:"/usr/bin/make" "cmTC_1f40f/fast"
/usr/bin/make -f CMakeFiles/cmTC_1f40f.dir/build.make CMakeFiles/cmTC_1f40f.dir/build
make[1]: Entering directory '/home/kooli/TSP/CSC4508/AVL-tree/cmocka/build/CMakeFiles/CMakeTmp'
Building C object CMakeFiles/cmTC_1f40f.dir/CheckIncludeFile.c.o
/usr/bin/cc   -std=gnu99 -pedantic -pedantic-errors -Wall -Wextra -Wshadow -Wmissing-prototypes -Wdeclaration-after-statement -Wunused -Wfloat-equal -Wpointer-arith -Wwrite-strings -Wformat-security -Wmissing-format-attribute -Wundef -Wstrict-prototypes -fPIC -fstack-protector -D_GNU_SOURCE -D_LARGEFILE64_SOURCE    -o CMakeFiles/cmTC_1f40f.dir/CheckIncludeFile.c.o   -c /home/kooli/TSP/CSC4508/AVL-tree/cmocka/build/CMakeFiles/CMakeTmp/CheckIncludeFile.c
Linking C executable cmTC_1f40f
/usr/bin/cmake -E cmake_link_script CMakeFiles/cmTC_1f40f.dir/link.txt --verbose=1
/usr/bin/cc  -std=gnu99 -pedantic -pedantic-errors -Wall -Wextra -Wshadow -Wmissing-prototypes -Wdeclaration-after-statement -Wunused -Wfloat-equal -Wpointer-arith -Wwrite-strings -Wformat-security -Wmissing-format-attribute -Wundef -Wstrict-prototypes -fPIC -fstack-protector -D_GNU_SOURCE -D_LARGEFILE64_SOURCE     -rdynamic CMakeFiles/cmTC_1f40f.dir/CheckIncludeFile.c.o  -o cmTC_1f40f 
make[1]: Leaving directory '/home/kooli/TSP/CSC4508/AVL-tree/cmocka/build/CMakeFiles/CMakeTmp'


Determining if the include file malloc.h exists passed with the following output:
Change Dir: /home/kooli/TSP/CSC4508/AVL-tree/cmocka/build/CMakeFiles/CMakeTmp

Run Build Command:"/usr/bin/make" "cmTC_b8679/fast"
/usr/bin/make -f CMakeFiles/cmTC_b8679.dir/build.make CMakeFiles/cmTC_b8679.dir/build
make[1]: Entering directory '/home/kooli/TSP/CSC4508/AVL-tree/cmocka/build/CMakeFiles/CMakeTmp'
Building C object CMakeFiles/cmTC_b8679.dir/CheckIncludeFile.c.o
/usr/bin/cc   -std=gnu99 -pedantic -pedantic-errors -Wall -Wextra -Wshadow -Wmissing-prototypes -Wdeclaration-after-statement -Wunused -Wfloat-equal -Wpointer-arith -Wwrite-strings -Wformat-security -Wmissing-format-attribute -Wundef -Wstrict-prototypes -fPIC -fstack-protector -D_GNU_SOURCE -D_LARGEFILE64_SOURCE    -o CMakeFiles/cmTC_b8679.dir/CheckIncludeFile.c.o   -c /home/kooli/TSP/CSC4508/AVL-tree/cmocka/build/CMakeFiles/CMakeTmp/CheckIncludeFile.c
Linking C executable cmTC_b8679
/usr/bin/cmake -E cmake_link_script CMakeFiles/cmTC_b8679.dir/link.txt --verbose=1
/usr/bin/cc  -std=gnu99 -pedantic -pedantic-errors -Wall -Wextra -Wshadow -Wmissing-prototypes -Wdeclaration-after-statement -Wunused -Wfloat-equal -Wpointer-arith -Wwrite-strings -Wformat-security -Wmissing-format-attribute -Wundef -Wstrict-prototypes -fPIC -fstack-protector -D_GNU_SOURCE -D_LARGEFILE64_SOURCE     -rdynamic CMakeFiles/cmTC_b8679.dir/CheckIncludeFile.c.o  -o cmTC_b8679 
make[1]: Leaving directory '/home/kooli/TSP/CSC4508/AVL-tree/cmocka/build/CMakeFiles/CMakeTmp'


Determining if the include file memory.h exists passed with the following output:
Change Dir: /home/kooli/TSP/CSC4508/AVL-tree/cmocka/build/CMakeFiles/CMakeTmp

Run Build Command:"/usr/bin/make" "cmTC_4179a/fast"
/usr/bin/make -f CMakeFiles/cmTC_4179a.dir/build.make CMakeFiles/cmTC_4179a.dir/build
make[1]: Entering directory '/home/kooli/TSP/CSC4508/AVL-tree/cmocka/build/CMakeFiles/CMakeTmp'
Building C object CMakeFiles/cmTC_4179a.dir/CheckIncludeFile.c.o
/usr/bin/cc   -std=gnu99 -pedantic -pedantic-errors -Wall -Wextra -Wshadow -Wmissing-prototypes -Wdeclaration-after-statement -Wunused -Wfloat-equal -Wpointer-arith -Wwrite-strings -Wformat-security -Wmissing-format-attribute -Wundef -Wstrict-prototypes -fPIC -fstack-protector -D_GNU_SOURCE -D_LARGEFILE64_SOURCE    -o CMakeFiles/cmTC_4179a.dir/CheckIncludeFile.c.o   -c /home/kooli/TSP/CSC4508/AVL-tree/cmocka/build/CMakeFiles/CMakeTmp/CheckIncludeFile.c
Linking C executable cmTC_4179a
/usr/bin/cmake -E cmake_link_script CMakeFiles/cmTC_4179a.dir/link.txt --verbose=1
/usr/bin/cc  -std=gnu99 -pedantic -pedantic-errors -Wall -Wextra -Wshadow -Wmissing-prototypes -Wdeclaration-after-statement -Wunused -Wfloat-equal -Wpointer-arith -Wwrite-strings -Wformat-security -Wmissing-format-attribute -Wundef -Wstrict-prototypes -fPIC -fstack-protector -D_GNU_SOURCE -D_LARGEFILE64_SOURCE     -rdynamic CMakeFiles/cmTC_4179a.dir/CheckIncludeFile.c.o  -o cmTC_4179a 
make[1]: Leaving directory '/home/kooli/TSP/CSC4508/AVL-tree/cmocka/build/CMakeFiles/CMakeTmp'


Determining if the include file setjmp.h exists passed with the following output:
Change Dir: /home/kooli/TSP/CSC4508/AVL-tree/cmocka/build/CMakeFiles/CMakeTmp

Run Build Command:"/usr/bin/make" "cmTC_72e66/fast"
/usr/bin/make -f CMakeFiles/cmTC_72e66.dir/build.make CMakeFiles/cmTC_72e66.dir/build
make[1]: Entering directory '/home/kooli/TSP/CSC4508/AVL-tree/cmocka/build/CMakeFiles/CMakeTmp'
Building C object CMakeFiles/cmTC_72e66.dir/CheckIncludeFile.c.o
/usr/bin/cc   -std=gnu99 -pedantic -pedantic-errors -Wall -Wextra -Wshadow -Wmissing-prototypes -Wdeclaration-after-statement -Wunused -Wfloat-equal -Wpointer-arith -Wwrite-strings -Wformat-security -Wmissing-format-attribute -Wundef -Wstrict-prototypes -fPIC -fstack-protector -D_GNU_SOURCE -D_LARGEFILE64_SOURCE    -o CMakeFiles/cmTC_72e66.dir/CheckIncludeFile.c.o   -c /home/kooli/TSP/CSC4508/AVL-tree/cmocka/build/CMakeFiles/CMakeTmp/CheckIncludeFile.c
Linking C executable cmTC_72e66
/usr/bin/cmake -E cmake_link_script CMakeFiles/cmTC_72e66.dir/link.txt --verbose=1
/usr/bin/cc  -std=gnu99 -pedantic -pedantic-errors -Wall -Wextra -Wshadow -Wmissing-prototypes -Wdeclaration-after-statement -Wunused -Wfloat-equal -Wpointer-arith -Wwrite-strings -Wformat-security -Wmissing-format-attribute -Wundef -Wstrict-prototypes -fPIC -fstack-protector -D_GNU_SOURCE -D_LARGEFILE64_SOURCE     -rdynamic CMakeFiles/cmTC_72e66.dir/CheckIncludeFile.c.o  -o cmTC_72e66 
make[1]: Leaving directory '/home/kooli/TSP/CSC4508/AVL-tree/cmocka/build/CMakeFiles/CMakeTmp'


Determining if the include file signal.h exists passed with the following output:
Change Dir: /home/kooli/TSP/CSC4508/AVL-tree/cmocka/build/CMakeFiles/CMakeTmp

Run Build Command:"/usr/bin/make" "cmTC_9d0cc/fast"
/usr/bin/make -f CMakeFiles/cmTC_9d0cc.dir/build.make CMakeFiles/cmTC_9d0cc.dir/build
make[1]: Entering directory '/home/kooli/TSP/CSC4508/AVL-tree/cmocka/build/CMakeFiles/CMakeTmp'
Building C object CMakeFiles/cmTC_9d0cc.dir/CheckIncludeFile.c.o
/usr/bin/cc   -std=gnu99 -pedantic -pedantic-errors -Wall -Wextra -Wshadow -Wmissing-prototypes -Wdeclaration-after-statement -Wunused -Wfloat-equal -Wpointer-arith -Wwrite-strings -Wformat-security -Wmissing-format-attribute -Wundef -Wstrict-prototypes -fPIC -fstack-protector -D_GNU_SOURCE -D_LARGEFILE64_SOURCE    -o CMakeFiles/cmTC_9d0cc.dir/CheckIncludeFile.c.o   -c /home/kooli/TSP/CSC4508/AVL-tree/cmocka/build/CMakeFiles/CMakeTmp/CheckIncludeFile.c
Linking C executable cmTC_9d0cc
/usr/bin/cmake -E cmake_link_script CMakeFiles/cmTC_9d0cc.dir/link.txt --verbose=1
/usr/bin/cc  -std=gnu99 -pedantic -pedantic-errors -Wall -Wextra -Wshadow -Wmissing-prototypes -Wdeclaration-after-statement -Wunused -Wfloat-equal -Wpointer-arith -Wwrite-strings -Wformat-security -Wmissing-format-attribute -Wundef -Wstrict-prototypes -fPIC -fstack-protector -D_GNU_SOURCE -D_LARGEFILE64_SOURCE     -rdynamic CMakeFiles/cmTC_9d0cc.dir/CheckIncludeFile.c.o  -o cmTC_9d0cc 
make[1]: Leaving directory '/home/kooli/TSP/CSC4508/AVL-tree/cmocka/build/CMakeFiles/CMakeTmp'


Determining if the include file stdarg.h exists passed with the following output:
Change Dir: /home/kooli/TSP/CSC4508/AVL-tree/cmocka/build/CMakeFiles/CMakeTmp

Run Build Command:"/usr/bin/make" "cmTC_648a7/fast"
/usr/bin/make -f CMakeFiles/cmTC_648a7.dir/build.make CMakeFiles/cmTC_648a7.dir/build
make[1]: Entering directory '/home/kooli/TSP/CSC4508/AVL-tree/cmocka/build/CMakeFiles/CMakeTmp'
Building C object CMakeFiles/cmTC_648a7.dir/CheckIncludeFile.c.o
/usr/bin/cc   -std=gnu99 -pedantic -pedantic-errors -Wall -Wextra -Wshadow -Wmissing-prototypes -Wdeclaration-after-statement -Wunused -Wfloat-equal -Wpointer-arith -Wwrite-strings -Wformat-security -Wmissing-format-attribute -Wundef -Wstrict-prototypes -fPIC -fstack-protector -D_GNU_SOURCE -D_LARGEFILE64_SOURCE    -o CMakeFiles/cmTC_648a7.dir/CheckIncludeFile.c.o   -c /home/kooli/TSP/CSC4508/AVL-tree/cmocka/build/CMakeFiles/CMakeTmp/CheckIncludeFile.c
Linking C executable cmTC_648a7
/usr/bin/cmake -E cmake_link_script CMakeFiles/cmTC_648a7.dir/link.txt --verbose=1
/usr/bin/cc  -std=gnu99 -pedantic -pedantic-errors -Wall -Wextra -Wshadow -Wmissing-prototypes -Wdeclaration-after-statement -Wunused -Wfloat-equal -Wpointer-arith -Wwrite-strings -Wformat-security -Wmissing-format-attribute -Wundef -Wstrict-prototypes -fPIC -fstack-protector -D_GNU_SOURCE -D_LARGEFILE64_SOURCE     -rdynamic CMakeFiles/cmTC_648a7.dir/CheckIncludeFile.c.o  -o cmTC_648a7 
make[1]: Leaving directory '/home/kooli/TSP/CSC4508/AVL-tree/cmocka/build/CMakeFiles/CMakeTmp'


Determining if the include file stddef.h exists passed with the following output:
Change Dir: /home/kooli/TSP/CSC4508/AVL-tree/cmocka/build/CMakeFiles/CMakeTmp

Run Build Command:"/usr/bin/make" "cmTC_b719e/fast"
/usr/bin/make -f CMakeFiles/cmTC_b719e.dir/build.make CMakeFiles/cmTC_b719e.dir/build
make[1]: Entering directory '/home/kooli/TSP/CSC4508/AVL-tree/cmocka/build/CMakeFiles/CMakeTmp'
Building C object CMakeFiles/cmTC_b719e.dir/CheckIncludeFile.c.o
/usr/bin/cc   -std=gnu99 -pedantic -pedantic-errors -Wall -Wextra -Wshadow -Wmissing-prototypes -Wdeclaration-after-statement -Wunused -Wfloat-equal -Wpointer-arith -Wwrite-strings -Wformat-security -Wmissing-format-attribute -Wundef -Wstrict-prototypes -fPIC -fstack-protector -D_GNU_SOURCE -D_LARGEFILE64_SOURCE    -o CMakeFiles/cmTC_b719e.dir/CheckIncludeFile.c.o   -c /home/kooli/TSP/CSC4508/AVL-tree/cmocka/build/CMakeFiles/CMakeTmp/CheckIncludeFile.c
Linking C executable cmTC_b719e
/usr/bin/cmake -E cmake_link_script CMakeFiles/cmTC_b719e.dir/link.txt --verbose=1
/usr/bin/cc  -std=gnu99 -pedantic -pedantic-errors -Wall -Wextra -Wshadow -Wmissing-prototypes -Wdeclaration-after-statement -Wunused -Wfloat-equal -Wpointer-arith -Wwrite-strings -Wformat-security -Wmissing-format-attribute -Wundef -Wstrict-prototypes -fPIC -fstack-protector -D_GNU_SOURCE -D_LARGEFILE64_SOURCE     -rdynamic CMakeFiles/cmTC_b719e.dir/CheckIncludeFile.c.o  -o cmTC_b719e 
make[1]: Leaving directory '/home/kooli/TSP/CSC4508/AVL-tree/cmocka/build/CMakeFiles/CMakeTmp'


Determining if the include file stdint.h exists passed with the following output:
Change Dir: /home/kooli/TSP/CSC4508/AVL-tree/cmocka/build/CMakeFiles/CMakeTmp

Run Build Command:"/usr/bin/make" "cmTC_c31d0/fast"
/usr/bin/make -f CMakeFiles/cmTC_c31d0.dir/build.make CMakeFiles/cmTC_c31d0.dir/build
make[1]: Entering directory '/home/kooli/TSP/CSC4508/AVL-tree/cmocka/build/CMakeFiles/CMakeTmp'
Building C object CMakeFiles/cmTC_c31d0.dir/CheckIncludeFile.c.o
/usr/bin/cc   -std=gnu99 -pedantic -pedantic-errors -Wall -Wextra -Wshadow -Wmissing-prototypes -Wdeclaration-after-statement -Wunused -Wfloat-equal -Wpointer-arith -Wwrite-strings -Wformat-security -Wmissing-format-attribute -Wundef -Wstrict-prototypes -fPIC -fstack-protector -D_GNU_SOURCE -D_LARGEFILE64_SOURCE    -o CMakeFiles/cmTC_c31d0.dir/CheckIncludeFile.c.o   -c /home/kooli/TSP/CSC4508/AVL-tree/cmocka/build/CMakeFiles/CMakeTmp/CheckIncludeFile.c
Linking C executable cmTC_c31d0
/usr/bin/cmake -E cmake_link_script CMakeFiles/cmTC_c31d0.dir/link.txt --verbose=1
/usr/bin/cc  -std=gnu99 -pedantic -pedantic-errors -Wall -Wextra -Wshadow -Wmissing-prototypes -Wdeclaration-after-statement -Wunused -Wfloat-equal -Wpointer-arith -Wwrite-strings -Wformat-security -Wmissing-format-attribute -Wundef -Wstrict-prototypes -fPIC -fstack-protector -D_GNU_SOURCE -D_LARGEFILE64_SOURCE     -rdynamic CMakeFiles/cmTC_c31d0.dir/CheckIncludeFile.c.o  -o cmTC_c31d0 
make[1]: Leaving directory '/home/kooli/TSP/CSC4508/AVL-tree/cmocka/build/CMakeFiles/CMakeTmp'


Determining if the include file stdio.h exists passed with the following output:
Change Dir: /home/kooli/TSP/CSC4508/AVL-tree/cmocka/build/CMakeFiles/CMakeTmp

Run Build Command:"/usr/bin/make" "cmTC_1b824/fast"
/usr/bin/make -f CMakeFiles/cmTC_1b824.dir/build.make CMakeFiles/cmTC_1b824.dir/build
make[1]: Entering directory '/home/kooli/TSP/CSC4508/AVL-tree/cmocka/build/CMakeFiles/CMakeTmp'
Building C object CMakeFiles/cmTC_1b824.dir/CheckIncludeFile.c.o
/usr/bin/cc   -std=gnu99 -pedantic -pedantic-errors -Wall -Wextra -Wshadow -Wmissing-prototypes -Wdeclaration-after-statement -Wunused -Wfloat-equal -Wpointer-arith -Wwrite-strings -Wformat-security -Wmissing-format-attribute -Wundef -Wstrict-prototypes -fPIC -fstack-protector -D_GNU_SOURCE -D_LARGEFILE64_SOURCE    -o CMakeFiles/cmTC_1b824.dir/CheckIncludeFile.c.o   -c /home/kooli/TSP/CSC4508/AVL-tree/cmocka/build/CMakeFiles/CMakeTmp/CheckIncludeFile.c
Linking C executable cmTC_1b824
/usr/bin/cmake -E cmake_link_script CMakeFiles/cmTC_1b824.dir/link.txt --verbose=1
/usr/bin/cc  -std=gnu99 -pedantic -pedantic-errors -Wall -Wextra -Wshadow -Wmissing-prototypes -Wdeclaration-after-statement -Wunused -Wfloat-equal -Wpointer-arith -Wwrite-strings -Wformat-security -Wmissing-format-attribute -Wundef -Wstrict-prototypes -fPIC -fstack-protector -D_GNU_SOURCE -D_LARGEFILE64_SOURCE     -rdynamic CMakeFiles/cmTC_1b824.dir/CheckIncludeFile.c.o  -o cmTC_1b824 
make[1]: Leaving directory '/home/kooli/TSP/CSC4508/AVL-tree/cmocka/build/CMakeFiles/CMakeTmp'


Determining if the include file stdlib.h exists passed with the following output:
Change Dir: /home/kooli/TSP/CSC4508/AVL-tree/cmocka/build/CMakeFiles/CMakeTmp

Run Build Command:"/usr/bin/make" "cmTC_2293c/fast"
/usr/bin/make -f CMakeFiles/cmTC_2293c.dir/build.make CMakeFiles/cmTC_2293c.dir/build
make[1]: Entering directory '/home/kooli/TSP/CSC4508/AVL-tree/cmocka/build/CMakeFiles/CMakeTmp'
Building C object CMakeFiles/cmTC_2293c.dir/CheckIncludeFile.c.o
/usr/bin/cc   -std=gnu99 -pedantic -pedantic-errors -Wall -Wextra -Wshadow -Wmissing-prototypes -Wdeclaration-after-statement -Wunused -Wfloat-equal -Wpointer-arith -Wwrite-strings -Wformat-security -Wmissing-format-attribute -Wundef -Wstrict-prototypes -fPIC -fstack-protector -D_GNU_SOURCE -D_LARGEFILE64_SOURCE    -o CMakeFiles/cmTC_2293c.dir/CheckIncludeFile.c.o   -c /home/kooli/TSP/CSC4508/AVL-tree/cmocka/build/CMakeFiles/CMakeTmp/CheckIncludeFile.c
Linking C executable cmTC_2293c
/usr/bin/cmake -E cmake_link_script CMakeFiles/cmTC_2293c.dir/link.txt --verbose=1
/usr/bin/cc  -std=gnu99 -pedantic -pedantic-errors -Wall -Wextra -Wshadow -Wmissing-prototypes -Wdeclaration-after-statement -Wunused -Wfloat-equal -Wpointer-arith -Wwrite-strings -Wformat-security -Wmissing-format-attribute -Wundef -Wstrict-prototypes -fPIC -fstack-protector -D_GNU_SOURCE -D_LARGEFILE64_SOURCE     -rdynamic CMakeFiles/cmTC_2293c.dir/CheckIncludeFile.c.o  -o cmTC_2293c 
make[1]: Leaving directory '/home/kooli/TSP/CSC4508/AVL-tree/cmocka/build/CMakeFiles/CMakeTmp'


Determining if the include file string.h exists passed with the following output:
Change Dir: /home/kooli/TSP/CSC4508/AVL-tree/cmocka/build/CMakeFiles/CMakeTmp

Run Build Command:"/usr/bin/make" "cmTC_08257/fast"
/usr/bin/make -f CMakeFiles/cmTC_08257.dir/build.make CMakeFiles/cmTC_08257.dir/build
make[1]: Entering directory '/home/kooli/TSP/CSC4508/AVL-tree/cmocka/build/CMakeFiles/CMakeTmp'
Building C object CMakeFiles/cmTC_08257.dir/CheckIncludeFile.c.o
/usr/bin/cc   -std=gnu99 -pedantic -pedantic-errors -Wall -Wextra -Wshadow -Wmissing-prototypes -Wdeclaration-after-statement -Wunused -Wfloat-equal -Wpointer-arith -Wwrite-strings -Wformat-security -Wmissing-format-attribute -Wundef -Wstrict-prototypes -fPIC -fstack-protector -D_GNU_SOURCE -D_LARGEFILE64_SOURCE    -o CMakeFiles/cmTC_08257.dir/CheckIncludeFile.c.o   -c /home/kooli/TSP/CSC4508/AVL-tree/cmocka/build/CMakeFiles/CMakeTmp/CheckIncludeFile.c
Linking C executable cmTC_08257
/usr/bin/cmake -E cmake_link_script CMakeFiles/cmTC_08257.dir/link.txt --verbose=1
/usr/bin/cc  -std=gnu99 -pedantic -pedantic-errors -Wall -Wextra -Wshadow -Wmissing-prototypes -Wdeclaration-after-statement -Wunused -Wfloat-equal -Wpointer-arith -Wwrite-strings -Wformat-security -Wmissing-format-attribute -Wundef -Wstrict-prototypes -fPIC -fstack-protector -D_GNU_SOURCE -D_LARGEFILE64_SOURCE     -rdynamic CMakeFiles/cmTC_08257.dir/CheckIncludeFile.c.o  -o cmTC_08257 
make[1]: Leaving directory '/home/kooli/TSP/CSC4508/AVL-tree/cmocka/build/CMakeFiles/CMakeTmp'


Determining if the include file strings.h exists passed with the following output:
Change Dir: /home/kooli/TSP/CSC4508/AVL-tree/cmocka/build/CMakeFiles/CMakeTmp

Run Build Command:"/usr/bin/make" "cmTC_503ae/fast"
/usr/bin/make -f CMakeFiles/cmTC_503ae.dir/build.make CMakeFiles/cmTC_503ae.dir/build
make[1]: Entering directory '/home/kooli/TSP/CSC4508/AVL-tree/cmocka/build/CMakeFiles/CMakeTmp'
Building C object CMakeFiles/cmTC_503ae.dir/CheckIncludeFile.c.o
/usr/bin/cc   -std=gnu99 -pedantic -pedantic-errors -Wall -Wextra -Wshadow -Wmissing-prototypes -Wdeclaration-after-statement -Wunused -Wfloat-equal -Wpointer-arith -Wwrite-strings -Wformat-security -Wmissing-format-attribute -Wundef -Wstrict-prototypes -fPIC -fstack-protector -D_GNU_SOURCE -D_LARGEFILE64_SOURCE    -o CMakeFiles/cmTC_503ae.dir/CheckIncludeFile.c.o   -c /home/kooli/TSP/CSC4508/AVL-tree/cmocka/build/CMakeFiles/CMakeTmp/CheckIncludeFile.c
Linking C executable cmTC_503ae
/usr/bin/cmake -E cmake_link_script CMakeFiles/cmTC_503ae.dir/link.txt --verbose=1
/usr/bin/cc  -std=gnu99 -pedantic -pedantic-errors -Wall -Wextra -Wshadow -Wmissing-prototypes -Wdeclaration-after-statement -Wunused -Wfloat-equal -Wpointer-arith -Wwrite-strings -Wformat-security -Wmissing-format-attribute -Wundef -Wstrict-prototypes -fPIC -fstack-protector -D_GNU_SOURCE -D_LARGEFILE64_SOURCE     -rdynamic CMakeFiles/cmTC_503ae.dir/CheckIncludeFile.c.o  -o cmTC_503ae 
make[1]: Leaving directory '/home/kooli/TSP/CSC4508/AVL-tree/cmocka/build/CMakeFiles/CMakeTmp'


Determining if the include file sys/stat.h exists passed with the following output:
Change Dir: /home/kooli/TSP/CSC4508/AVL-tree/cmocka/build/CMakeFiles/CMakeTmp

Run Build Command:"/usr/bin/make" "cmTC_2c4f0/fast"
/usr/bin/make -f CMakeFiles/cmTC_2c4f0.dir/build.make CMakeFiles/cmTC_2c4f0.dir/build
make[1]: Entering directory '/home/kooli/TSP/CSC4508/AVL-tree/cmocka/build/CMakeFiles/CMakeTmp'
Building C object CMakeFiles/cmTC_2c4f0.dir/CheckIncludeFile.c.o
/usr/bin/cc   -std=gnu99 -pedantic -pedantic-errors -Wall -Wextra -Wshadow -Wmissing-prototypes -Wdeclaration-after-statement -Wunused -Wfloat-equal -Wpointer-arith -Wwrite-strings -Wformat-security -Wmissing-format-attribute -Wundef -Wstrict-prototypes -fPIC -fstack-protector -D_GNU_SOURCE -D_LARGEFILE64_SOURCE    -o CMakeFiles/cmTC_2c4f0.dir/CheckIncludeFile.c.o   -c /home/kooli/TSP/CSC4508/AVL-tree/cmocka/build/CMakeFiles/CMakeTmp/CheckIncludeFile.c
Linking C executable cmTC_2c4f0
/usr/bin/cmake -E cmake_link_script CMakeFiles/cmTC_2c4f0.dir/link.txt --verbose=1
/usr/bin/cc  -std=gnu99 -pedantic -pedantic-errors -Wall -Wextra -Wshadow -Wmissing-prototypes -Wdeclaration-after-statement -Wunused -Wfloat-equal -Wpointer-arith -Wwrite-strings -Wformat-security -Wmissing-format-attribute -Wundef -Wstrict-prototypes -fPIC -fstack-protector -D_GNU_SOURCE -D_LARGEFILE64_SOURCE     -rdynamic CMakeFiles/cmTC_2c4f0.dir/CheckIncludeFile.c.o  -o cmTC_2c4f0 
make[1]: Leaving directory '/home/kooli/TSP/CSC4508/AVL-tree/cmocka/build/CMakeFiles/CMakeTmp'


Determining if the include file sys/types.h exists passed with the following output:
Change Dir: /home/kooli/TSP/CSC4508/AVL-tree/cmocka/build/CMakeFiles/CMakeTmp

Run Build Command:"/usr/bin/make" "cmTC_e5cf9/fast"
/usr/bin/make -f CMakeFiles/cmTC_e5cf9.dir/build.make CMakeFiles/cmTC_e5cf9.dir/build
make[1]: Entering directory '/home/kooli/TSP/CSC4508/AVL-tree/cmocka/build/CMakeFiles/CMakeTmp'
Building C object CMakeFiles/cmTC_e5cf9.dir/CheckIncludeFile.c.o
/usr/bin/cc   -std=gnu99 -pedantic -pedantic-errors -Wall -Wextra -Wshadow -Wmissing-prototypes -Wdeclaration-after-statement -Wunused -Wfloat-equal -Wpointer-arith -Wwrite-strings -Wformat-security -Wmissing-format-attribute -Wundef -Wstrict-prototypes -fPIC -fstack-protector -D_GNU_SOURCE -D_LARGEFILE64_SOURCE    -o CMakeFiles/cmTC_e5cf9.dir/CheckIncludeFile.c.o   -c /home/kooli/TSP/CSC4508/AVL-tree/cmocka/build/CMakeFiles/CMakeTmp/CheckIncludeFile.c
Linking C executable cmTC_e5cf9
/usr/bin/cmake -E cmake_link_script CMakeFiles/cmTC_e5cf9.dir/link.txt --verbose=1
/usr/bin/cc  -std=gnu99 -pedantic -pedantic-errors -Wall -Wextra -Wshadow -Wmissing-prototypes -Wdeclaration-after-statement -Wunused -Wfloat-equal -Wpointer-arith -Wwrite-strings -Wformat-security -Wmissing-format-attribute -Wundef -Wstrict-prototypes -fPIC -fstack-protector -D_GNU_SOURCE -D_LARGEFILE64_SOURCE     -rdynamic CMakeFiles/cmTC_e5cf9.dir/CheckIncludeFile.c.o  -o cmTC_e5cf9 
make[1]: Leaving directory '/home/kooli/TSP/CSC4508/AVL-tree/cmocka/build/CMakeFiles/CMakeTmp'


Determining if the include file time.h exists passed with the following output:
Change Dir: /home/kooli/TSP/CSC4508/AVL-tree/cmocka/build/CMakeFiles/CMakeTmp

Run Build Command:"/usr/bin/make" "cmTC_412b6/fast"
/usr/bin/make -f CMakeFiles/cmTC_412b6.dir/build.make CMakeFiles/cmTC_412b6.dir/build
make[1]: Entering directory '/home/kooli/TSP/CSC4508/AVL-tree/cmocka/build/CMakeFiles/CMakeTmp'
Building C object CMakeFiles/cmTC_412b6.dir/CheckIncludeFile.c.o
/usr/bin/cc   -std=gnu99 -pedantic -pedantic-errors -Wall -Wextra -Wshadow -Wmissing-prototypes -Wdeclaration-after-statement -Wunused -Wfloat-equal -Wpointer-arith -Wwrite-strings -Wformat-security -Wmissing-format-attribute -Wundef -Wstrict-prototypes -fPIC -fstack-protector -D_GNU_SOURCE -D_LARGEFILE64_SOURCE    -o CMakeFiles/cmTC_412b6.dir/CheckIncludeFile.c.o   -c /home/kooli/TSP/CSC4508/AVL-tree/cmocka/build/CMakeFiles/CMakeTmp/CheckIncludeFile.c
Linking C executable cmTC_412b6
/usr/bin/cmake -E cmake_link_script CMakeFiles/cmTC_412b6.dir/link.txt --verbose=1
/usr/bin/cc  -std=gnu99 -pedantic -pedantic-errors -Wall -Wextra -Wshadow -Wmissing-prototypes -Wdeclaration-after-statement -Wunused -Wfloat-equal -Wpointer-arith -Wwrite-strings -Wformat-security -Wmissing-format-attribute -Wundef -Wstrict-prototypes -fPIC -fstack-protector -D_GNU_SOURCE -D_LARGEFILE64_SOURCE     -rdynamic CMakeFiles/cmTC_412b6.dir/CheckIncludeFile.c.o  -o cmTC_412b6 
make[1]: Leaving directory '/home/kooli/TSP/CSC4508/AVL-tree/cmocka/build/CMakeFiles/CMakeTmp'


Determining if the include file unistd.h exists passed with the following output:
Change Dir: /home/kooli/TSP/CSC4508/AVL-tree/cmocka/build/CMakeFiles/CMakeTmp

Run Build Command:"/usr/bin/make" "cmTC_ac12a/fast"
/usr/bin/make -f CMakeFiles/cmTC_ac12a.dir/build.make CMakeFiles/cmTC_ac12a.dir/build
make[1]: Entering directory '/home/kooli/TSP/CSC4508/AVL-tree/cmocka/build/CMakeFiles/CMakeTmp'
Building C object CMakeFiles/cmTC_ac12a.dir/CheckIncludeFile.c.o
/usr/bin/cc   -std=gnu99 -pedantic -pedantic-errors -Wall -Wextra -Wshadow -Wmissing-prototypes -Wdeclaration-after-statement -Wunused -Wfloat-equal -Wpointer-arith -Wwrite-strings -Wformat-security -Wmissing-format-attribute -Wundef -Wstrict-prototypes -fPIC -fstack-protector -D_GNU_SOURCE -D_LARGEFILE64_SOURCE    -o CMakeFiles/cmTC_ac12a.dir/CheckIncludeFile.c.o   -c /home/kooli/TSP/CSC4508/AVL-tree/cmocka/build/CMakeFiles/CMakeTmp/CheckIncludeFile.c
Linking C executable cmTC_ac12a
/usr/bin/cmake -E cmake_link_script CMakeFiles/cmTC_ac12a.dir/link.txt --verbose=1
/usr/bin/cc  -std=gnu99 -pedantic -pedantic-errors -Wall -Wextra -Wshadow -Wmissing-prototypes -Wdeclaration-after-statement -Wunused -Wfloat-equal -Wpointer-arith -Wwrite-strings -Wformat-security -Wmissing-format-attribute -Wundef -Wstrict-prototypes -fPIC -fstack-protector -D_GNU_SOURCE -D_LARGEFILE64_SOURCE     -rdynamic CMakeFiles/cmTC_ac12a.dir/CheckIncludeFile.c.o  -o cmTC_ac12a 
make[1]: Leaving directory '/home/kooli/TSP/CSC4508/AVL-tree/cmocka/build/CMakeFiles/CMakeTmp'


Performing C SOURCE FILE Test HAVE_STRUCT_TIMESPEC succeeded with the following output:
Change Dir: /home/kooli/TSP/CSC4508/AVL-tree/cmocka/build/CMakeFiles/CMakeTmp

Run Build Command:"/usr/bin/make" "cmTC_8dd34/fast"
/usr/bin/make -f CMakeFiles/cmTC_8dd34.dir/build.make CMakeFiles/cmTC_8dd34.dir/build
make[1]: Entering directory '/home/kooli/TSP/CSC4508/AVL-tree/cmocka/build/CMakeFiles/CMakeTmp'
Building C object CMakeFiles/cmTC_8dd34.dir/src.c.o
/usr/bin/cc   -std=gnu99 -pedantic -pedantic-errors -Wall -Wextra -Wshadow -Wmissing-prototypes -Wdeclaration-after-statement -Wunused -Wfloat-equal -Wpointer-arith -Wwrite-strings -Wformat-security -Wmissing-format-attribute -Wundef -Wstrict-prototypes -fPIC -fstack-protector -D_GNU_SOURCE -D_LARGEFILE64_SOURCE -DHAVE_STRUCT_TIMESPEC   -o CMakeFiles/cmTC_8dd34.dir/src.c.o   -c /home/kooli/TSP/CSC4508/AVL-tree/cmocka/build/CMakeFiles/CMakeTmp/src.c
/home/kooli/TSP/CSC4508/AVL-tree/cmocka/build/CMakeFiles/CMakeTmp/src.c:4:5: warning: function declaration isn’t a prototype [-Wstrict-prototypes]
 int main()
     ^~~~
Linking C executable cmTC_8dd34
/usr/bin/cmake -E cmake_link_script CMakeFiles/cmTC_8dd34.dir/link.txt --verbose=1
/usr/bin/cc  -std=gnu99 -pedantic -pedantic-errors -Wall -Wextra -Wshadow -Wmissing-prototypes -Wdeclaration-after-statement -Wunused -Wfloat-equal -Wpointer-arith -Wwrite-strings -Wformat-security -Wmissing-format-attribute -Wundef -Wstrict-prototypes -fPIC -fstack-protector -D_GNU_SOURCE -D_LARGEFILE64_SOURCE -DHAVE_STRUCT_TIMESPEC    -rdynamic CMakeFiles/cmTC_8dd34.dir/src.c.o  -o cmTC_8dd34 
make[1]: Leaving directory '/home/kooli/TSP/CSC4508/AVL-tree/cmocka/build/CMakeFiles/CMakeTmp'

Source file was:

#include <time.h>

int main()
{
   (void)sizeof(((struct timespec *)0)->tv_sec);
   return 0;
}

Determining if the function calloc exists passed with the following output:
Change Dir: /home/kooli/TSP/CSC4508/AVL-tree/cmocka/build/CMakeFiles/CMakeTmp

Run Build Command:"/usr/bin/make" "cmTC_88bd2/fast"
/usr/bin/make -f CMakeFiles/cmTC_88bd2.dir/build.make CMakeFiles/cmTC_88bd2.dir/build
make[1]: Entering directory '/home/kooli/TSP/CSC4508/AVL-tree/cmocka/build/CMakeFiles/CMakeTmp'
Building C object CMakeFiles/cmTC_88bd2.dir/CheckFunctionExists.c.o
/usr/bin/cc   -std=gnu99 -pedantic -pedantic-errors -Wall -Wextra -Wshadow -Wmissing-prototypes -Wdeclaration-after-statement -Wunused -Wfloat-equal -Wpointer-arith -Wwrite-strings -Wformat-security -Wmissing-format-attribute -Wundef -Wstrict-prototypes -fPIC -fstack-protector -D_GNU_SOURCE -D_LARGEFILE64_SOURCE -DCHECK_FUNCTION_EXISTS=calloc   -o CMakeFiles/cmTC_88bd2.dir/CheckFunctionExists.c.o   -c /usr/share/cmake-3.10/Modules/CheckFunctionExists.c
<command-line>:0:23: warning: conflicting types for built-in function ‘calloc’ [-Wbuiltin-declaration-mismatch]
/usr/share/cmake-3.10/Modules/CheckFunctionExists.c:7:3: note: in expansion of macro ‘CHECK_FUNCTION_EXISTS’
   CHECK_FUNCTION_EXISTS(void);
   ^~~~~~~~~~~~~~~~~~~~~
Linking C executable cmTC_88bd2
/usr/bin/cmake -E cmake_link_script CMakeFiles/cmTC_88bd2.dir/link.txt --verbose=1
/usr/bin/cc  -std=gnu99 -pedantic -pedantic-errors -Wall -Wextra -Wshadow -Wmissing-prototypes -Wdeclaration-after-statement -Wunused -Wfloat-equal -Wpointer-arith -Wwrite-strings -Wformat-security -Wmissing-format-attribute -Wundef -Wstrict-prototypes -fPIC -fstack-protector -D_GNU_SOURCE -D_LARGEFILE64_SOURCE -DCHECK_FUNCTION_EXISTS=calloc    -rdynamic CMakeFiles/cmTC_88bd2.dir/CheckFunctionExists.c.o  -o cmTC_88bd2 
make[1]: Leaving directory '/home/kooli/TSP/CSC4508/AVL-tree/cmocka/build/CMakeFiles/CMakeTmp'


Determining if the function exit exists passed with the following output:
Change Dir: /home/kooli/TSP/CSC4508/AVL-tree/cmocka/build/CMakeFiles/CMakeTmp

Run Build Command:"/usr/bin/make" "cmTC_6f323/fast"
/usr/bin/make -f CMakeFiles/cmTC_6f323.dir/build.make CMakeFiles/cmTC_6f323.dir/build
make[1]: Entering directory '/home/kooli/TSP/CSC4508/AVL-tree/cmocka/build/CMakeFiles/CMakeTmp'
Building C object CMakeFiles/cmTC_6f323.dir/CheckFunctionExists.c.o
/usr/bin/cc   -std=gnu99 -pedantic -pedantic-errors -Wall -Wextra -Wshadow -Wmissing-prototypes -Wdeclaration-after-statement -Wunused -Wfloat-equal -Wpointer-arith -Wwrite-strings -Wformat-security -Wmissing-format-attribute -Wundef -Wstrict-prototypes -fPIC -fstack-protector -D_GNU_SOURCE -D_LARGEFILE64_SOURCE -DCHECK_FUNCTION_EXISTS=exit   -o CMakeFiles/cmTC_6f323.dir/CheckFunctionExists.c.o   -c /usr/share/cmake-3.10/Modules/CheckFunctionExists.c
<command-line>:0:23: warning: conflicting types for built-in function ‘exit’ [-Wbuiltin-declaration-mismatch]
/usr/share/cmake-3.10/Modules/CheckFunctionExists.c:7:3: note: in expansion of macro ‘CHECK_FUNCTION_EXISTS’
   CHECK_FUNCTION_EXISTS(void);
   ^~~~~~~~~~~~~~~~~~~~~
Linking C executable cmTC_6f323
/usr/bin/cmake -E cmake_link_script CMakeFiles/cmTC_6f323.dir/link.txt --verbose=1
/usr/bin/cc  -std=gnu99 -pedantic -pedantic-errors -Wall -Wextra -Wshadow -Wmissing-prototypes -Wdeclaration-after-statement -Wunused -Wfloat-equal -Wpointer-arith -Wwrite-strings -Wformat-security -Wmissing-format-attribute -Wundef -Wstrict-prototypes -fPIC -fstack-protector -D_GNU_SOURCE -D_LARGEFILE64_SOURCE -DCHECK_FUNCTION_EXISTS=exit    -rdynamic CMakeFiles/cmTC_6f323.dir/CheckFunctionExists.c.o  -o cmTC_6f323 
make[1]: Leaving directory '/home/kooli/TSP/CSC4508/AVL-tree/cmocka/build/CMakeFiles/CMakeTmp'


Determining if the function fprintf exists passed with the following output:
Change Dir: /home/kooli/TSP/CSC4508/AVL-tree/cmocka/build/CMakeFiles/CMakeTmp

Run Build Command:"/usr/bin/make" "cmTC_91533/fast"
/usr/bin/make -f CMakeFiles/cmTC_91533.dir/build.make CMakeFiles/cmTC_91533.dir/build
make[1]: Entering directory '/home/kooli/TSP/CSC4508/AVL-tree/cmocka/build/CMakeFiles/CMakeTmp'
Building C object CMakeFiles/cmTC_91533.dir/CheckFunctionExists.c.o
/usr/bin/cc   -std=gnu99 -pedantic -pedantic-errors -Wall -Wextra -Wshadow -Wmissing-prototypes -Wdeclaration-after-statement -Wunused -Wfloat-equal -Wpointer-arith -Wwrite-strings -Wformat-security -Wmissing-format-attribute -Wundef -Wstrict-prototypes -fPIC -fstack-protector -D_GNU_SOURCE -D_LARGEFILE64_SOURCE -DCHECK_FUNCTION_EXISTS=fprintf   -o CMakeFiles/cmTC_91533.dir/CheckFunctionExists.c.o   -c /usr/share/cmake-3.10/Modules/CheckFunctionExists.c
<command-line>:0:23: warning: conflicting types for built-in function ‘fprintf’ [-Wbuiltin-declaration-mismatch]
/usr/share/cmake-3.10/Modules/CheckFunctionExists.c:7:3: note: in expansion of macro ‘CHECK_FUNCTION_EXISTS’
   CHECK_FUNCTION_EXISTS(void);
   ^~~~~~~~~~~~~~~~~~~~~
Linking C executable cmTC_91533
/usr/bin/cmake -E cmake_link_script CMakeFiles/cmTC_91533.dir/link.txt --verbose=1
/usr/bin/cc  -std=gnu99 -pedantic -pedantic-errors -Wall -Wextra -Wshadow -Wmissing-prototypes -Wdeclaration-after-statement -Wunused -Wfloat-equal -Wpointer-arith -Wwrite-strings -Wformat-security -Wmissing-format-attribute -Wundef -Wstrict-prototypes -fPIC -fstack-protector -D_GNU_SOURCE -D_LARGEFILE64_SOURCE -DCHECK_FUNCTION_EXISTS=fprintf    -rdynamic CMakeFiles/cmTC_91533.dir/CheckFunctionExists.c.o  -o cmTC_91533 
make[1]: Leaving directory '/home/kooli/TSP/CSC4508/AVL-tree/cmocka/build/CMakeFiles/CMakeTmp'


Determining if the function free exists passed with the following output:
Change Dir: /home/kooli/TSP/CSC4508/AVL-tree/cmocka/build/CMakeFiles/CMakeTmp

Run Build Command:"/usr/bin/make" "cmTC_805f0/fast"
/usr/bin/make -f CMakeFiles/cmTC_805f0.dir/build.make CMakeFiles/cmTC_805f0.dir/build
make[1]: Entering directory '/home/kooli/TSP/CSC4508/AVL-tree/cmocka/build/CMakeFiles/CMakeTmp'
Building C object CMakeFiles/cmTC_805f0.dir/CheckFunctionExists.c.o
/usr/bin/cc   -std=gnu99 -pedantic -pedantic-errors -Wall -Wextra -Wshadow -Wmissing-prototypes -Wdeclaration-after-statement -Wunused -Wfloat-equal -Wpointer-arith -Wwrite-strings -Wformat-security -Wmissing-format-attribute -Wundef -Wstrict-prototypes -fPIC -fstack-protector -D_GNU_SOURCE -D_LARGEFILE64_SOURCE -DCHECK_FUNCTION_EXISTS=free   -o CMakeFiles/cmTC_805f0.dir/CheckFunctionExists.c.o   -c /usr/share/cmake-3.10/Modules/CheckFunctionExists.c
<command-line>:0:23: warning: conflicting types for built-in function ‘free’ [-Wbuiltin-declaration-mismatch]
/usr/share/cmake-3.10/Modules/CheckFunctionExists.c:7:3: note: in expansion of macro ‘CHECK_FUNCTION_EXISTS’
   CHECK_FUNCTION_EXISTS(void);
   ^~~~~~~~~~~~~~~~~~~~~
Linking C executable cmTC_805f0
/usr/bin/cmake -E cmake_link_script CMakeFiles/cmTC_805f0.dir/link.txt --verbose=1
/usr/bin/cc  -std=gnu99 -pedantic -pedantic-errors -Wall -Wextra -Wshadow -Wmissing-prototypes -Wdeclaration-after-statement -Wunused -Wfloat-equal -Wpointer-arith -Wwrite-strings -Wformat-security -Wmissing-format-attribute -Wundef -Wstrict-prototypes -fPIC -fstack-protector -D_GNU_SOURCE -D_LARGEFILE64_SOURCE -DCHECK_FUNCTION_EXISTS=free    -rdynamic CMakeFiles/cmTC_805f0.dir/CheckFunctionExists.c.o  -o cmTC_805f0 
make[1]: Leaving directory '/home/kooli/TSP/CSC4508/AVL-tree/cmocka/build/CMakeFiles/CMakeTmp'


Determining if the function longjmp exists passed with the following output:
Change Dir: /home/kooli/TSP/CSC4508/AVL-tree/cmocka/build/CMakeFiles/CMakeTmp

Run Build Command:"/usr/bin/make" "cmTC_40f2a/fast"
/usr/bin/make -f CMakeFiles/cmTC_40f2a.dir/build.make CMakeFiles/cmTC_40f2a.dir/build
make[1]: Entering directory '/home/kooli/TSP/CSC4508/AVL-tree/cmocka/build/CMakeFiles/CMakeTmp'
Building C object CMakeFiles/cmTC_40f2a.dir/CheckFunctionExists.c.o
/usr/bin/cc   -std=gnu99 -pedantic -pedantic-errors -Wall -Wextra -Wshadow -Wmissing-prototypes -Wdeclaration-after-statement -Wunused -Wfloat-equal -Wpointer-arith -Wwrite-strings -Wformat-security -Wmissing-format-attribute -Wundef -Wstrict-prototypes -fPIC -fstack-protector -D_GNU_SOURCE -D_LARGEFILE64_SOURCE -DCHECK_FUNCTION_EXISTS=longjmp   -o CMakeFiles/cmTC_40f2a.dir/CheckFunctionExists.c.o   -c /usr/share/cmake-3.10/Modules/CheckFunctionExists.c
Linking C executable cmTC_40f2a
/usr/bin/cmake -E cmake_link_script CMakeFiles/cmTC_40f2a.dir/link.txt --verbose=1
/usr/bin/cc  -std=gnu99 -pedantic -pedantic-errors -Wall -Wextra -Wshadow -Wmissing-prototypes -Wdeclaration-after-statement -Wunused -Wfloat-equal -Wpointer-arith -Wwrite-strings -Wformat-security -Wmissing-format-attribute -Wundef -Wstrict-prototypes -fPIC -fstack-protector -D_GNU_SOURCE -D_LARGEFILE64_SOURCE -DCHECK_FUNCTION_EXISTS=longjmp    -rdynamic CMakeFiles/cmTC_40f2a.dir/CheckFunctionExists.c.o  -o cmTC_40f2a 
make[1]: Leaving directory '/home/kooli/TSP/CSC4508/AVL-tree/cmocka/build/CMakeFiles/CMakeTmp'


Determining if the function siglongjmp exists passed with the following output:
Change Dir: /home/kooli/TSP/CSC4508/AVL-tree/cmocka/build/CMakeFiles/CMakeTmp

Run Build Command:"/usr/bin/make" "cmTC_f40a7/fast"
/usr/bin/make -f CMakeFiles/cmTC_f40a7.dir/build.make CMakeFiles/cmTC_f40a7.dir/build
make[1]: Entering directory '/home/kooli/TSP/CSC4508/AVL-tree/cmocka/build/CMakeFiles/CMakeTmp'
Building C object CMakeFiles/cmTC_f40a7.dir/CheckFunctionExists.c.o
/usr/bin/cc   -std=gnu99 -pedantic -pedantic-errors -Wall -Wextra -Wshadow -Wmissing-prototypes -Wdeclaration-after-statement -Wunused -Wfloat-equal -Wpointer-arith -Wwrite-strings -Wformat-security -Wmissing-format-attribute -Wundef -Wstrict-prototypes -fPIC -fstack-protector -D_GNU_SOURCE -D_LARGEFILE64_SOURCE -DCHECK_FUNCTION_EXISTS=siglongjmp   -o CMakeFiles/cmTC_f40a7.dir/CheckFunctionExists.c.o   -c /usr/share/cmake-3.10/Modules/CheckFunctionExists.c
Linking C executable cmTC_f40a7
/usr/bin/cmake -E cmake_link_script CMakeFiles/cmTC_f40a7.dir/link.txt --verbose=1
/usr/bin/cc  -std=gnu99 -pedantic -pedantic-errors -Wall -Wextra -Wshadow -Wmissing-prototypes -Wdeclaration-after-statement -Wunused -Wfloat-equal -Wpointer-arith -Wwrite-strings -Wformat-security -Wmissing-format-attribute -Wundef -Wstrict-prototypes -fPIC -fstack-protector -D_GNU_SOURCE -D_LARGEFILE64_SOURCE -DCHECK_FUNCTION_EXISTS=siglongjmp    -rdynamic CMakeFiles/cmTC_f40a7.dir/CheckFunctionExists.c.o  -o cmTC_f40a7 
make[1]: Leaving directory '/home/kooli/TSP/CSC4508/AVL-tree/cmocka/build/CMakeFiles/CMakeTmp'


Determining if the function malloc exists passed with the following output:
Change Dir: /home/kooli/TSP/CSC4508/AVL-tree/cmocka/build/CMakeFiles/CMakeTmp

Run Build Command:"/usr/bin/make" "cmTC_b46af/fast"
/usr/bin/make -f CMakeFiles/cmTC_b46af.dir/build.make CMakeFiles/cmTC_b46af.dir/build
make[1]: Entering directory '/home/kooli/TSP/CSC4508/AVL-tree/cmocka/build/CMakeFiles/CMakeTmp'
Building C object CMakeFiles/cmTC_b46af.dir/CheckFunctionExists.c.o
/usr/bin/cc   -std=gnu99 -pedantic -pedantic-errors -Wall -Wextra -Wshadow -Wmissing-prototypes -Wdeclaration-after-statement -Wunused -Wfloat-equal -Wpointer-arith -Wwrite-strings -Wformat-security -Wmissing-format-attribute -Wundef -Wstrict-prototypes -fPIC -fstack-protector -D_GNU_SOURCE -D_LARGEFILE64_SOURCE -DCHECK_FUNCTION_EXISTS=malloc   -o CMakeFiles/cmTC_b46af.dir/CheckFunctionExists.c.o   -c /usr/share/cmake-3.10/Modules/CheckFunctionExists.c
<command-line>:0:23: warning: conflicting types for built-in function ‘malloc’ [-Wbuiltin-declaration-mismatch]
/usr/share/cmake-3.10/Modules/CheckFunctionExists.c:7:3: note: in expansion of macro ‘CHECK_FUNCTION_EXISTS’
   CHECK_FUNCTION_EXISTS(void);
   ^~~~~~~~~~~~~~~~~~~~~
Linking C executable cmTC_b46af
/usr/bin/cmake -E cmake_link_script CMakeFiles/cmTC_b46af.dir/link.txt --verbose=1
/usr/bin/cc  -std=gnu99 -pedantic -pedantic-errors -Wall -Wextra -Wshadow -Wmissing-prototypes -Wdeclaration-after-statement -Wunused -Wfloat-equal -Wpointer-arith -Wwrite-strings -Wformat-security -Wmissing-format-attribute -Wundef -Wstrict-prototypes -fPIC -fstack-protector -D_GNU_SOURCE -D_LARGEFILE64_SOURCE -DCHECK_FUNCTION_EXISTS=malloc    -rdynamic CMakeFiles/cmTC_b46af.dir/CheckFunctionExists.c.o  -o cmTC_b46af 
make[1]: Leaving directory '/home/kooli/TSP/CSC4508/AVL-tree/cmocka/build/CMakeFiles/CMakeTmp'


Determining if the function memcpy exists passed with the following output:
Change Dir: /home/kooli/TSP/CSC4508/AVL-tree/cmocka/build/CMakeFiles/CMakeTmp

Run Build Command:"/usr/bin/make" "cmTC_aa9c6/fast"
/usr/bin/make -f CMakeFiles/cmTC_aa9c6.dir/build.make CMakeFiles/cmTC_aa9c6.dir/build
make[1]: Entering directory '/home/kooli/TSP/CSC4508/AVL-tree/cmocka/build/CMakeFiles/CMakeTmp'
Building C object CMakeFiles/cmTC_aa9c6.dir/CheckFunctionExists.c.o
/usr/bin/cc   -std=gnu99 -pedantic -pedantic-errors -Wall -Wextra -Wshadow -Wmissing-prototypes -Wdeclaration-after-statement -Wunused -Wfloat-equal -Wpointer-arith -Wwrite-strings -Wformat-security -Wmissing-format-attribute -Wundef -Wstrict-prototypes -fPIC -fstack-protector -D_GNU_SOURCE -D_LARGEFILE64_SOURCE -DCHECK_FUNCTION_EXISTS=memcpy   -o CMakeFiles/cmTC_aa9c6.dir/CheckFunctionExists.c.o   -c /usr/share/cmake-3.10/Modules/CheckFunctionExists.c
<command-line>:0:23: warning: conflicting types for built-in function ‘memcpy’ [-Wbuiltin-declaration-mismatch]
/usr/share/cmake-3.10/Modules/CheckFunctionExists.c:7:3: note: in expansion of macro ‘CHECK_FUNCTION_EXISTS’
   CHECK_FUNCTION_EXISTS(void);
   ^~~~~~~~~~~~~~~~~~~~~
Linking C executable cmTC_aa9c6
/usr/bin/cmake -E cmake_link_script CMakeFiles/cmTC_aa9c6.dir/link.txt --verbose=1
/usr/bin/cc  -std=gnu99 -pedantic -pedantic-errors -Wall -Wextra -Wshadow -Wmissing-prototypes -Wdeclaration-after-statement -Wunused -Wfloat-equal -Wpointer-arith -Wwrite-strings -Wformat-security -Wmissing-format-attribute -Wundef -Wstrict-prototypes -fPIC -fstack-protector -D_GNU_SOURCE -D_LARGEFILE64_SOURCE -DCHECK_FUNCTION_EXISTS=memcpy    -rdynamic CMakeFiles/cmTC_aa9c6.dir/CheckFunctionExists.c.o  -o cmTC_aa9c6 
make[1]: Leaving directory '/home/kooli/TSP/CSC4508/AVL-tree/cmocka/build/CMakeFiles/CMakeTmp'


Determining if the function memset exists passed with the following output:
Change Dir: /home/kooli/TSP/CSC4508/AVL-tree/cmocka/build/CMakeFiles/CMakeTmp

Run Build Command:"/usr/bin/make" "cmTC_1a44e/fast"
/usr/bin/make -f CMakeFiles/cmTC_1a44e.dir/build.make CMakeFiles/cmTC_1a44e.dir/build
make[1]: Entering directory '/home/kooli/TSP/CSC4508/AVL-tree/cmocka/build/CMakeFiles/CMakeTmp'
Building C object CMakeFiles/cmTC_1a44e.dir/CheckFunctionExists.c.o
/usr/bin/cc   -std=gnu99 -pedantic -pedantic-errors -Wall -Wextra -Wshadow -Wmissing-prototypes -Wdeclaration-after-statement -Wunused -Wfloat-equal -Wpointer-arith -Wwrite-strings -Wformat-security -Wmissing-format-attribute -Wundef -Wstrict-prototypes -fPIC -fstack-protector -D_GNU_SOURCE -D_LARGEFILE64_SOURCE -DCHECK_FUNCTION_EXISTS=memset   -o CMakeFiles/cmTC_1a44e.dir/CheckFunctionExists.c.o   -c /usr/share/cmake-3.10/Modules/CheckFunctionExists.c
<command-line>:0:23: warning: conflicting types for built-in function ‘memset’ [-Wbuiltin-declaration-mismatch]
/usr/share/cmake-3.10/Modules/CheckFunctionExists.c:7:3: note: in expansion of macro ‘CHECK_FUNCTION_EXISTS’
   CHECK_FUNCTION_EXISTS(void);
   ^~~~~~~~~~~~~~~~~~~~~
Linking C executable cmTC_1a44e
/usr/bin/cmake -E cmake_link_script CMakeFiles/cmTC_1a44e.dir/link.txt --verbose=1
/usr/bin/cc  -std=gnu99 -pedantic -pedantic-errors -Wall -Wextra -Wshadow -Wmissing-prototypes -Wdeclaration-after-statement -Wunused -Wfloat-equal -Wpointer-arith -Wwrite-strings -Wformat-security -Wmissing-format-attribute -Wundef -Wstrict-prototypes -fPIC -fstack-protector -D_GNU_SOURCE -D_LARGEFILE64_SOURCE -DCHECK_FUNCTION_EXISTS=memset    -rdynamic CMakeFiles/cmTC_1a44e.dir/CheckFunctionExists.c.o  -o cmTC_1a44e 
make[1]: Leaving directory '/home/kooli/TSP/CSC4508/AVL-tree/cmocka/build/CMakeFiles/CMakeTmp'


Determining if the function printf exists passed with the following output:
Change Dir: /home/kooli/TSP/CSC4508/AVL-tree/cmocka/build/CMakeFiles/CMakeTmp

Run Build Command:"/usr/bin/make" "cmTC_07721/fast"
/usr/bin/make -f CMakeFiles/cmTC_07721.dir/build.make CMakeFiles/cmTC_07721.dir/build
make[1]: Entering directory '/home/kooli/TSP/CSC4508/AVL-tree/cmocka/build/CMakeFiles/CMakeTmp'
Building C object CMakeFiles/cmTC_07721.dir/CheckFunctionExists.c.o
/usr/bin/cc   -std=gnu99 -pedantic -pedantic-errors -Wall -Wextra -Wshadow -Wmissing-prototypes -Wdeclaration-after-statement -Wunused -Wfloat-equal -Wpointer-arith -Wwrite-strings -Wformat-security -Wmissing-format-attribute -Wundef -Wstrict-prototypes -fPIC -fstack-protector -D_GNU_SOURCE -D_LARGEFILE64_SOURCE -DCHECK_FUNCTION_EXISTS=printf   -o CMakeFiles/cmTC_07721.dir/CheckFunctionExists.c.o   -c /usr/share/cmake-3.10/Modules/CheckFunctionExists.c
<command-line>:0:23: warning: conflicting types for built-in function ‘printf’ [-Wbuiltin-declaration-mismatch]
/usr/share/cmake-3.10/Modules/CheckFunctionExists.c:7:3: note: in expansion of macro ‘CHECK_FUNCTION_EXISTS’
   CHECK_FUNCTION_EXISTS(void);
   ^~~~~~~~~~~~~~~~~~~~~
Linking C executable cmTC_07721
/usr/bin/cmake -E cmake_link_script CMakeFiles/cmTC_07721.dir/link.txt --verbose=1
/usr/bin/cc  -std=gnu99 -pedantic -pedantic-errors -Wall -Wextra -Wshadow -Wmissing-prototypes -Wdeclaration-after-statement -Wunused -Wfloat-equal -Wpointer-arith -Wwrite-strings -Wformat-security -Wmissing-format-attribute -Wundef -Wstrict-prototypes -fPIC -fstack-protector -D_GNU_SOURCE -D_LARGEFILE64_SOURCE -DCHECK_FUNCTION_EXISTS=printf    -rdynamic CMakeFiles/cmTC_07721.dir/CheckFunctionExists.c.o  -o cmTC_07721 
make[1]: Leaving directory '/home/kooli/TSP/CSC4508/AVL-tree/cmocka/build/CMakeFiles/CMakeTmp'


Determining if the function setjmp exists passed with the following output:
Change Dir: /home/kooli/TSP/CSC4508/AVL-tree/cmocka/build/CMakeFiles/CMakeTmp

Run Build Command:"/usr/bin/make" "cmTC_d8335/fast"
/usr/bin/make -f CMakeFiles/cmTC_d8335.dir/build.make CMakeFiles/cmTC_d8335.dir/build
make[1]: Entering directory '/home/kooli/TSP/CSC4508/AVL-tree/cmocka/build/CMakeFiles/CMakeTmp'
Building C object CMakeFiles/cmTC_d8335.dir/CheckFunctionExists.c.o
/usr/bin/cc   -std=gnu99 -pedantic -pedantic-errors -Wall -Wextra -Wshadow -Wmissing-prototypes -Wdeclaration-after-statement -Wunused -Wfloat-equal -Wpointer-arith -Wwrite-strings -Wformat-security -Wmissing-format-attribute -Wundef -Wstrict-prototypes -fPIC -fstack-protector -D_GNU_SOURCE -D_LARGEFILE64_SOURCE -DCHECK_FUNCTION_EXISTS=setjmp   -o CMakeFiles/cmTC_d8335.dir/CheckFunctionExists.c.o   -c /usr/share/cmake-3.10/Modules/CheckFunctionExists.c
Linking C executable cmTC_d8335
/usr/bin/cmake -E cmake_link_script CMakeFiles/cmTC_d8335.dir/link.txt --verbose=1
/usr/bin/cc  -std=gnu99 -pedantic -pedantic-errors -Wall -Wextra -Wshadow -Wmissing-prototypes -Wdeclaration-after-statement -Wunused -Wfloat-equal -Wpointer-arith -Wwrite-strings -Wformat-security -Wmissing-format-attribute -Wundef -Wstrict-prototypes -fPIC -fstack-protector -D_GNU_SOURCE -D_LARGEFILE64_SOURCE -DCHECK_FUNCTION_EXISTS=setjmp    -rdynamic CMakeFiles/cmTC_d8335.dir/CheckFunctionExists.c.o  -o cmTC_d8335 
make[1]: Leaving directory '/home/kooli/TSP/CSC4508/AVL-tree/cmocka/build/CMakeFiles/CMakeTmp'


Determining if the function signal exists passed with the following output:
Change Dir: /home/kooli/TSP/CSC4508/AVL-tree/cmocka/build/CMakeFiles/CMakeTmp

Run Build Command:"/usr/bin/make" "cmTC_351e0/fast"
/usr/bin/make -f CMakeFiles/cmTC_351e0.dir/build.make CMakeFiles/cmTC_351e0.dir/build
make[1]: Entering directory '/home/kooli/TSP/CSC4508/AVL-tree/cmocka/build/CMakeFiles/CMakeTmp'
Building C object CMakeFiles/cmTC_351e0.dir/CheckFunctionExists.c.o
/usr/bin/cc   -std=gnu99 -pedantic -pedantic-errors -Wall -Wextra -Wshadow -Wmissing-prototypes -Wdeclaration-after-statement -Wunused -Wfloat-equal -Wpointer-arith -Wwrite-strings -Wformat-security -Wmissing-format-attribute -Wundef -Wstrict-prototypes -fPIC -fstack-protector -D_GNU_SOURCE -D_LARGEFILE64_SOURCE -DCHECK_FUNCTION_EXISTS=signal   -o CMakeFiles/cmTC_351e0.dir/CheckFunctionExists.c.o   -c /usr/share/cmake-3.10/Modules/CheckFunctionExists.c
Linking C executable cmTC_351e0
/usr/bin/cmake -E cmake_link_script CMakeFiles/cmTC_351e0.dir/link.txt --verbose=1
/usr/bin/cc  -std=gnu99 -pedantic -pedantic-errors -Wall -Wextra -Wshadow -Wmissing-prototypes -Wdeclaration-after-statement -Wunused -Wfloat-equal -Wpointer-arith -Wwrite-strings -Wformat-security -Wmissing-format-attribute -Wundef -Wstrict-prototypes -fPIC -fstack-protector -D_GNU_SOURCE -D_LARGEFILE64_SOURCE -DCHECK_FUNCTION_EXISTS=signal    -rdynamic CMakeFiles/cmTC_351e0.dir/CheckFunctionExists.c.o  -o cmTC_351e0 
make[1]: Leaving directory '/home/kooli/TSP/CSC4508/AVL-tree/cmocka/build/CMakeFiles/CMakeTmp'


Determining if the function strsignal exists passed with the following output:
Change Dir: /home/kooli/TSP/CSC4508/AVL-tree/cmocka/build/CMakeFiles/CMakeTmp

Run Build Command:"/usr/bin/make" "cmTC_7d5b0/fast"
/usr/bin/make -f CMakeFiles/cmTC_7d5b0.dir/build.make CMakeFiles/cmTC_7d5b0.dir/build
make[1]: Entering directory '/home/kooli/TSP/CSC4508/AVL-tree/cmocka/build/CMakeFiles/CMakeTmp'
Building C object CMakeFiles/cmTC_7d5b0.dir/CheckFunctionExists.c.o
/usr/bin/cc   -std=gnu99 -pedantic -pedantic-errors -Wall -Wextra -Wshadow -Wmissing-prototypes -Wdeclaration-after-statement -Wunused -Wfloat-equal -Wpointer-arith -Wwrite-strings -Wformat-security -Wmissing-format-attribute -Wundef -Wstrict-prototypes -fPIC -fstack-protector -D_GNU_SOURCE -D_LARGEFILE64_SOURCE -DCHECK_FUNCTION_EXISTS=strsignal   -o CMakeFiles/cmTC_7d5b0.dir/CheckFunctionExists.c.o   -c /usr/share/cmake-3.10/Modules/CheckFunctionExists.c
Linking C executable cmTC_7d5b0
/usr/bin/cmake -E cmake_link_script CMakeFiles/cmTC_7d5b0.dir/link.txt --verbose=1
/usr/bin/cc  -std=gnu99 -pedantic -pedantic-errors -Wall -Wextra -Wshadow -Wmissing-prototypes -Wdeclaration-after-statement -Wunused -Wfloat-equal -Wpointer-arith -Wwrite-strings -Wformat-security -Wmissing-format-attribute -Wundef -Wstrict-prototypes -fPIC -fstack-protector -D_GNU_SOURCE -D_LARGEFILE64_SOURCE -DCHECK_FUNCTION_EXISTS=strsignal    -rdynamic CMakeFiles/cmTC_7d5b0.dir/CheckFunctionExists.c.o  -o cmTC_7d5b0 
make[1]: Leaving directory '/home/kooli/TSP/CSC4508/AVL-tree/cmocka/build/CMakeFiles/CMakeTmp'


Determining if the function strcmp exists passed with the following output:
Change Dir: /home/kooli/TSP/CSC4508/AVL-tree/cmocka/build/CMakeFiles/CMakeTmp

Run Build Command:"/usr/bin/make" "cmTC_49f7a/fast"
/usr/bin/make -f CMakeFiles/cmTC_49f7a.dir/build.make CMakeFiles/cmTC_49f7a.dir/build
make[1]: Entering directory '/home/kooli/TSP/CSC4508/AVL-tree/cmocka/build/CMakeFiles/CMakeTmp'
Building C object CMakeFiles/cmTC_49f7a.dir/CheckFunctionExists.c.o
/usr/bin/cc   -std=gnu99 -pedantic -pedantic-errors -Wall -Wextra -Wshadow -Wmissing-prototypes -Wdeclaration-after-statement -Wunused -Wfloat-equal -Wpointer-arith -Wwrite-strings -Wformat-security -Wmissing-format-attribute -Wundef -Wstrict-prototypes -fPIC -fstack-protector -D_GNU_SOURCE -D_LARGEFILE64_SOURCE -DCHECK_FUNCTION_EXISTS=strcmp   -o CMakeFiles/cmTC_49f7a.dir/CheckFunctionExists.c.o   -c /usr/share/cmake-3.10/Modules/CheckFunctionExists.c
<command-line>:0:23: warning: conflicting types for built-in function ‘strcmp’ [-Wbuiltin-declaration-mismatch]
/usr/share/cmake-3.10/Modules/CheckFunctionExists.c:7:3: note: in expansion of macro ‘CHECK_FUNCTION_EXISTS’
   CHECK_FUNCTION_EXISTS(void);
   ^~~~~~~~~~~~~~~~~~~~~
Linking C executable cmTC_49f7a
/usr/bin/cmake -E cmake_link_script CMakeFiles/cmTC_49f7a.dir/link.txt --verbose=1
/usr/bin/cc  -std=gnu99 -pedantic -pedantic-errors -Wall -Wextra -Wshadow -Wmissing-prototypes -Wdeclaration-after-statement -Wunused -Wfloat-equal -Wpointer-arith -Wwrite-strings -Wformat-security -Wmissing-format-attribute -Wundef -Wstrict-prototypes -fPIC -fstack-protector -D_GNU_SOURCE -D_LARGEFILE64_SOURCE -DCHECK_FUNCTION_EXISTS=strcmp    -rdynamic CMakeFiles/cmTC_49f7a.dir/CheckFunctionExists.c.o  -o cmTC_49f7a 
make[1]: Leaving directory '/home/kooli/TSP/CSC4508/AVL-tree/cmocka/build/CMakeFiles/CMakeTmp'


Determining if the function clock_gettime exists passed with the following output:
Change Dir: /home/kooli/TSP/CSC4508/AVL-tree/cmocka/build/CMakeFiles/CMakeTmp

Run Build Command:"/usr/bin/make" "cmTC_d4920/fast"
/usr/bin/make -f CMakeFiles/cmTC_d4920.dir/build.make CMakeFiles/cmTC_d4920.dir/build
make[1]: Entering directory '/home/kooli/TSP/CSC4508/AVL-tree/cmocka/build/CMakeFiles/CMakeTmp'
Building C object CMakeFiles/cmTC_d4920.dir/CheckFunctionExists.c.o
/usr/bin/cc   -std=gnu99 -pedantic -pedantic-errors -Wall -Wextra -Wshadow -Wmissing-prototypes -Wdeclaration-after-statement -Wunused -Wfloat-equal -Wpointer-arith -Wwrite-strings -Wformat-security -Wmissing-format-attribute -Wundef -Wstrict-prototypes -fPIC -fstack-protector -D_GNU_SOURCE -D_LARGEFILE64_SOURCE -DCHECK_FUNCTION_EXISTS=clock_gettime   -o CMakeFiles/cmTC_d4920.dir/CheckFunctionExists.c.o   -c /usr/share/cmake-3.10/Modules/CheckFunctionExists.c
Linking C executable cmTC_d4920
/usr/bin/cmake -E cmake_link_script CMakeFiles/cmTC_d4920.dir/link.txt --verbose=1
/usr/bin/cc  -std=gnu99 -pedantic -pedantic-errors -Wall -Wextra -Wshadow -Wmissing-prototypes -Wdeclaration-after-statement -Wunused -Wfloat-equal -Wpointer-arith -Wwrite-strings -Wformat-security -Wmissing-format-attribute -Wundef -Wstrict-prototypes -fPIC -fstack-protector -D_GNU_SOURCE -D_LARGEFILE64_SOURCE -DCHECK_FUNCTION_EXISTS=clock_gettime    -rdynamic CMakeFiles/cmTC_d4920.dir/CheckFunctionExists.c.o  -o cmTC_d4920 
make[1]: Leaving directory '/home/kooli/TSP/CSC4508/AVL-tree/cmocka/build/CMakeFiles/CMakeTmp'


Determining if the function sprintf exists passed with the following output:
Change Dir: /home/kooli/TSP/CSC4508/AVL-tree/cmocka/build/CMakeFiles/CMakeTmp

Run Build Command:"/usr/bin/make" "cmTC_9f9f4/fast"
/usr/bin/make -f CMakeFiles/cmTC_9f9f4.dir/build.make CMakeFiles/cmTC_9f9f4.dir/build
make[1]: Entering directory '/home/kooli/TSP/CSC4508/AVL-tree/cmocka/build/CMakeFiles/CMakeTmp'
Building C object CMakeFiles/cmTC_9f9f4.dir/CheckFunctionExists.c.o
/usr/bin/cc   -std=gnu99 -pedantic -pedantic-errors -Wall -Wextra -Wshadow -Wmissing-prototypes -Wdeclaration-after-statement -Wunused -Wfloat-equal -Wpointer-arith -Wwrite-strings -Wformat-security -Wmissing-format-attribute -Wundef -Wstrict-prototypes -fPIC -fstack-protector -D_GNU_SOURCE -D_LARGEFILE64_SOURCE -DCHECK_FUNCTION_EXISTS=sprintf   -o CMakeFiles/cmTC_9f9f4.dir/CheckFunctionExists.c.o   -c /usr/share/cmake-3.10/Modules/CheckFunctionExists.c
<command-line>:0:23: warning: conflicting types for built-in function ‘sprintf’ [-Wbuiltin-declaration-mismatch]
/usr/share/cmake-3.10/Modules/CheckFunctionExists.c:7:3: note: in expansion of macro ‘CHECK_FUNCTION_EXISTS’
   CHECK_FUNCTION_EXISTS(void);
   ^~~~~~~~~~~~~~~~~~~~~
Linking C executable cmTC_9f9f4
/usr/bin/cmake -E cmake_link_script CMakeFiles/cmTC_9f9f4.dir/link.txt --verbose=1
/usr/bin/cc  -std=gnu99 -pedantic -pedantic-errors -Wall -Wextra -Wshadow -Wmissing-prototypes -Wdeclaration-after-statement -Wunused -Wfloat-equal -Wpointer-arith -Wwrite-strings -Wformat-security -Wmissing-format-attribute -Wundef -Wstrict-prototypes -fPIC -fstack-protector -D_GNU_SOURCE -D_LARGEFILE64_SOURCE -DCHECK_FUNCTION_EXISTS=sprintf    -rdynamic CMakeFiles/cmTC_9f9f4.dir/CheckFunctionExists.c.o  -o cmTC_9f9f4 
make[1]: Leaving directory '/home/kooli/TSP/CSC4508/AVL-tree/cmocka/build/CMakeFiles/CMakeTmp'


Determining if the function vsnprintf exists passed with the following output:
Change Dir: /home/kooli/TSP/CSC4508/AVL-tree/cmocka/build/CMakeFiles/CMakeTmp

Run Build Command:"/usr/bin/make" "cmTC_d56ae/fast"
/usr/bin/make -f CMakeFiles/cmTC_d56ae.dir/build.make CMakeFiles/cmTC_d56ae.dir/build
make[1]: Entering directory '/home/kooli/TSP/CSC4508/AVL-tree/cmocka/build/CMakeFiles/CMakeTmp'
Building C object CMakeFiles/cmTC_d56ae.dir/CheckFunctionExists.c.o
/usr/bin/cc   -std=gnu99 -pedantic -pedantic-errors -Wall -Wextra -Wshadow -Wmissing-prototypes -Wdeclaration-after-statement -Wunused -Wfloat-equal -Wpointer-arith -Wwrite-strings -Wformat-security -Wmissing-format-attribute -Wundef -Wstrict-prototypes -fPIC -fstack-protector -D_GNU_SOURCE -D_LARGEFILE64_SOURCE -DCHECK_FUNCTION_EXISTS=vsnprintf   -o CMakeFiles/cmTC_d56ae.dir/CheckFunctionExists.c.o   -c /usr/share/cmake-3.10/Modules/CheckFunctionExists.c
<command-line>:0:23: warning: conflicting types for built-in function ‘vsnprintf’ [-Wbuiltin-declaration-mismatch]
/usr/share/cmake-3.10/Modules/CheckFunctionExists.c:7:3: note: in expansion of macro ‘CHECK_FUNCTION_EXISTS’
   CHECK_FUNCTION_EXISTS(void);
   ^~~~~~~~~~~~~~~~~~~~~
Linking C executable cmTC_d56ae
/usr/bin/cmake -E cmake_link_script CMakeFiles/cmTC_d56ae.dir/link.txt --verbose=1
/usr/bin/cc  -std=gnu99 -pedantic -pedantic-errors -Wall -Wextra -Wshadow -Wmissing-prototypes -Wdeclaration-after-statement -Wunused -Wfloat-equal -Wpointer-arith -Wwrite-strings -Wformat-security -Wmissing-format-attribute -Wundef -Wstrict-prototypes -fPIC -fstack-protector -D_GNU_SOURCE -D_LARGEFILE64_SOURCE -DCHECK_FUNCTION_EXISTS=vsnprintf    -rdynamic CMakeFiles/cmTC_d56ae.dir/CheckFunctionExists.c.o  -o cmTC_d56ae 
make[1]: Leaving directory '/home/kooli/TSP/CSC4508/AVL-tree/cmocka/build/CMakeFiles/CMakeTmp'


Performing C SOURCE FILE Test HAVE_GCC_THREAD_LOCAL_STORAGE succeeded with the following output:
Change Dir: /home/kooli/TSP/CSC4508/AVL-tree/cmocka/build/CMakeFiles/CMakeTmp

Run Build Command:"/usr/bin/make" "cmTC_7f327/fast"
/usr/bin/make -f CMakeFiles/cmTC_7f327.dir/build.make CMakeFiles/cmTC_7f327.dir/build
make[1]: Entering directory '/home/kooli/TSP/CSC4508/AVL-tree/cmocka/build/CMakeFiles/CMakeTmp'
Building C object CMakeFiles/cmTC_7f327.dir/src.c.o
/usr/bin/cc   -std=gnu99 -pedantic -pedantic-errors -Wall -Wextra -Wshadow -Wmissing-prototypes -Wdeclaration-after-statement -Wunused -Wfloat-equal -Wpointer-arith -Wwrite-strings -Wformat-security -Wmissing-format-attribute -Wundef -Wstrict-prototypes -fPIC -fstack-protector -D_GNU_SOURCE -D_LARGEFILE64_SOURCE -DHAVE_GCC_THREAD_LOCAL_STORAGE   -o CMakeFiles/cmTC_7f327.dir/src.c.o   -c /home/kooli/TSP/CSC4508/AVL-tree/cmocka/build/CMakeFiles/CMakeTmp/src.c
Linking C executable cmTC_7f327
/usr/bin/cmake -E cmake_link_script CMakeFiles/cmTC_7f327.dir/link.txt --verbose=1
/usr/bin/cc  -std=gnu99 -pedantic -pedantic-errors -Wall -Wextra -Wshadow -Wmissing-prototypes -Wdeclaration-after-statement -Wunused -Wfloat-equal -Wpointer-arith -Wwrite-strings -Wformat-security -Wmissing-format-attribute -Wundef -Wstrict-prototypes -fPIC -fstack-protector -D_GNU_SOURCE -D_LARGEFILE64_SOURCE -DHAVE_GCC_THREAD_LOCAL_STORAGE    -rdynamic CMakeFiles/cmTC_7f327.dir/src.c.o  -o cmTC_7f327 
make[1]: Leaving directory '/home/kooli/TSP/CSC4508/AVL-tree/cmocka/build/CMakeFiles/CMakeTmp'

Source file was:

__thread int tls;

int main(void) {
    return 0;
}
Performing C SOURCE FILE Test HAVE_CLOCK_REALTIME succeeded with the following output:
Change Dir: /home/kooli/TSP/CSC4508/AVL-tree/cmocka/build/CMakeFiles/CMakeTmp

Run Build Command:"/usr/bin/make" "cmTC_be6d4/fast"
/usr/bin/make -f CMakeFiles/cmTC_be6d4.dir/build.make CMakeFiles/cmTC_be6d4.dir/build
make[1]: Entering directory '/home/kooli/TSP/CSC4508/AVL-tree/cmocka/build/CMakeFiles/CMakeTmp'
Building C object CMakeFiles/cmTC_be6d4.dir/src.c.o
/usr/bin/cc   -std=gnu99 -pedantic -pedantic-errors -Wall -Wextra -Wshadow -Wmissing-prototypes -Wdeclaration-after-statement -Wunused -Wfloat-equal -Wpointer-arith -Wwrite-strings -Wformat-security -Wmissing-format-attribute -Wundef -Wstrict-prototypes -fPIC -fstack-protector -D_GNU_SOURCE -D_LARGEFILE64_SOURCE -DHAVE_CLOCK_REALTIME   -o CMakeFiles/cmTC_be6d4.dir/src.c.o   -c /home/kooli/TSP/CSC4508/AVL-tree/cmocka/build/CMakeFiles/CMakeTmp/src.c
Linking C executable cmTC_be6d4
/usr/bin/cmake -E cmake_link_script CMakeFiles/cmTC_be6d4.dir/link.txt --verbose=1
/usr/bin/cc  -std=gnu99 -pedantic -pedantic-errors -Wall -Wextra -Wshadow -Wmissing-prototypes -Wdeclaration-after-statement -Wunused -Wfloat-equal -Wpointer-arith -Wwrite-strings -Wformat-security -Wmissing-format-attribute -Wundef -Wstrict-prototypes -fPIC -fstack-protector -D_GNU_SOURCE -D_LARGEFILE64_SOURCE -DHAVE_CLOCK_REALTIME    -rdynamic CMakeFiles/cmTC_be6d4.dir/src.c.o  -o cmTC_be6d4 /usr/lib/x86_64-linux-gnu/librt.so 
make[1]: Leaving directory '/home/kooli/TSP/CSC4508/AVL-tree/cmocka/build/CMakeFiles/CMakeTmp'

Source file was:

#include <time.h>

int main(void) {
    struct timespec ts;

    clock_gettime(CLOCK_REALTIME, &ts);

    return 0;
}
Determining size of unsigned short passed with the following output:
Change Dir: /home/kooli/TSP/CSC4508/AVL-tree/cmocka/build/CMakeFiles/CMakeTmp

Run Build Command:"/usr/bin/make" "cmTC_58f51/fast"
/usr/bin/make -f CMakeFiles/cmTC_58f51.dir/build.make CMakeFiles/cmTC_58f51.dir/build
make[1]: Entering directory '/home/kooli/TSP/CSC4508/AVL-tree/cmocka/build/CMakeFiles/CMakeTmp'
Building C object CMakeFiles/cmTC_58f51.dir/CMAKE_SIZEOF_UNSIGNED_SHORT.c.o
/usr/bin/cc   -std=gnu99 -pedantic -pedantic-errors -Wall -Wextra -Wshadow -Wmissing-prototypes -Wdeclaration-after-statement -Wunused -Wfloat-equal -Wpointer-arith -Wwrite-strings -Wformat-security -Wmissing-format-attribute -Wundef -Wstrict-prototypes -fPIC -fstack-protector -D_GNU_SOURCE -D_LARGEFILE64_SOURCE    -o CMakeFiles/cmTC_58f51.dir/CMAKE_SIZEOF_UNSIGNED_SHORT.c.o   -c /home/kooli/TSP/CSC4508/AVL-tree/cmocka/build/CMakeFiles/CheckTypeSize/CMAKE_SIZEOF_UNSIGNED_SHORT.c
Linking C executable cmTC_58f51
/usr/bin/cmake -E cmake_link_script CMakeFiles/cmTC_58f51.dir/link.txt --verbose=1
/usr/bin/cc  -std=gnu99 -pedantic -pedantic-errors -Wall -Wextra -Wshadow -Wmissing-prototypes -Wdeclaration-after-statement -Wunused -Wfloat-equal -Wpointer-arith -Wwrite-strings -Wformat-security -Wmissing-format-attribute -Wundef -Wstrict-prototypes -fPIC -fstack-protector -D_GNU_SOURCE -D_LARGEFILE64_SOURCE     -rdynamic CMakeFiles/cmTC_58f51.dir/CMAKE_SIZEOF_UNSIGNED_SHORT.c.o  -o cmTC_58f51 
make[1]: Leaving directory '/home/kooli/TSP/CSC4508/AVL-tree/cmocka/build/CMakeFiles/CMakeTmp'


Determining if the system is big endian passed with the following output:
Change Dir: /home/kooli/TSP/CSC4508/AVL-tree/cmocka/build/CMakeFiles/CMakeTmp

Run Build Command:"/usr/bin/make" "cmTC_8a970/fast"
/usr/bin/make -f CMakeFiles/cmTC_8a970.dir/build.make CMakeFiles/cmTC_8a970.dir/build
make[1]: Entering directory '/home/kooli/TSP/CSC4508/AVL-tree/cmocka/build/CMakeFiles/CMakeTmp'
Building C object CMakeFiles/cmTC_8a970.dir/TestEndianess.c.o
/usr/bin/cc   -std=gnu99 -pedantic -pedantic-errors -Wall -Wextra -Wshadow -Wmissing-prototypes -Wdeclaration-after-statement -Wunused -Wfloat-equal -Wpointer-arith -Wwrite-strings -Wformat-security -Wmissing-format-attribute -Wundef -Wstrict-prototypes -fPIC -fstack-protector -D_GNU_SOURCE -D_LARGEFILE64_SOURCE    -o CMakeFiles/cmTC_8a970.dir/TestEndianess.c.o   -c /home/kooli/TSP/CSC4508/AVL-tree/cmocka/build/CMakeFiles/CMakeTmp/TestEndianess.c
Linking C executable cmTC_8a970
/usr/bin/cmake -E cmake_link_script CMakeFiles/cmTC_8a970.dir/link.txt --verbose=1
/usr/bin/cc  -std=gnu99 -pedantic -pedantic-errors -Wall -Wextra -Wshadow -Wmissing-prototypes -Wdeclaration-after-statement -Wunused -Wfloat-equal -Wpointer-arith -Wwrite-strings -Wformat-security -Wmissing-format-attribute -Wundef -Wstrict-prototypes -fPIC -fstack-protector -D_GNU_SOURCE -D_LARGEFILE64_SOURCE     -rdynamic CMakeFiles/cmTC_8a970.dir/TestEndianess.c.o  -o cmTC_8a970 
make[1]: Leaving directory '/home/kooli/TSP/CSC4508/AVL-tree/cmocka/build/CMakeFiles/CMakeTmp'

TestEndianess.c:
/* A 16 bit integer is required. */
typedef unsigned short cmakeint16;

/* On a little endian machine, these 16bit ints will give "THIS IS LITTLE ENDIAN."
   On a big endian machine the characters will be exchanged pairwise. */
const cmakeint16 info_little[] =  {0x4854, 0x5349, 0x4920, 0x2053, 0x494c, 0x5454, 0x454c, 0x4520, 0x444e, 0x4149, 0x2e4e, 0x0000};

/* on a big endian machine, these 16bit ints will give "THIS IS BIG ENDIAN."
   On a little endian machine the characters will be exchanged pairwise. */
const cmakeint16 info_big[] =     {0x5448, 0x4953, 0x2049, 0x5320, 0x4249, 0x4720, 0x454e, 0x4449, 0x414e, 0x2e2e, 0x0000};

#ifdef __CLASSIC_C__
int main(argc, argv) int argc; char *argv[];
#else
int main(int argc, char *argv[])
#endif
{
  int require = 0;
  require += info_little[argc];
  require += info_big[argc];
  (void)argv;
  return require;
}


