Determining if the include file io.h exists failed with the following output:
Change Dir: /home/kooli/Desktop/TSP-2A/CSC4508/cmocka/build/CMakeFiles/CMakeTmp

Run Build Command:"/usr/bin/make" "cmTC_9a7d7/fast"
/usr/bin/make -f CMakeFiles/cmTC_9a7d7.dir/build.make CMakeFiles/cmTC_9a7d7.dir/build
make[1]: Entering directory '/home/kooli/Desktop/TSP-2A/CSC4508/cmocka/build/CMakeFiles/CMakeTmp'
Building C object CMakeFiles/cmTC_9a7d7.dir/CheckIncludeFile.c.o
/usr/bin/cc    -std=gnu99 -pedantic -pedantic-errors -Wall -Wextra -Wshadow -Wmissing-prototypes -Wdeclaration-after-statement -Wunused -Wfloat-equal -Wpointer-arith -Wwrite-strings -Wformat-security -Wmissing-format-attribute -Wundef -Wstrict-prototypes -fPIC -fstack-protector -D_GNU_SOURCE -D_LARGEFILE64_SOURCE    -o CMakeFiles/cmTC_9a7d7.dir/CheckIncludeFile.c.o   -c /home/kooli/Desktop/TSP-2A/CSC4508/cmocka/build/CMakeFiles/CMakeTmp/CheckIncludeFile.c
/home/kooli/Desktop/TSP-2A/CSC4508/cmocka/build/CMakeFiles/CMakeTmp/CheckIncludeFile.c:1:16: fatal error: io.h: No such file or directory
compilation terminated.
CMakeFiles/cmTC_9a7d7.dir/build.make:65: recipe for target 'CMakeFiles/cmTC_9a7d7.dir/CheckIncludeFile.c.o' failed
make[1]: *** [CMakeFiles/cmTC_9a7d7.dir/CheckIncludeFile.c.o] Error 1
make[1]: Leaving directory '/home/kooli/Desktop/TSP-2A/CSC4508/cmocka/build/CMakeFiles/CMakeTmp'
Makefile:126: recipe for target 'cmTC_9a7d7/fast' failed
make: *** [cmTC_9a7d7/fast] Error 2


Determining if the system is big endian passed with the following output:
Change Dir: /home/kooli/Desktop/TSP-2A/CSC4508/cmocka/build/CMakeFiles/CMakeTmp

Run Build Command:"/usr/bin/make" "cmTC_999e4/fast"
/usr/bin/make -f CMakeFiles/cmTC_999e4.dir/build.make CMakeFiles/cmTC_999e4.dir/build
make[1]: Entering directory '/home/kooli/Desktop/TSP-2A/CSC4508/cmocka/build/CMakeFiles/CMakeTmp'
Building C object CMakeFiles/cmTC_999e4.dir/TestEndianess.c.o
/usr/bin/cc    -std=gnu99 -pedantic -pedantic-errors -Wall -Wextra -Wshadow -Wmissing-prototypes -Wdeclaration-after-statement -Wunused -Wfloat-equal -Wpointer-arith -Wwrite-strings -Wformat-security -Wmissing-format-attribute -Wundef -Wstrict-prototypes -fPIC -fstack-protector -D_GNU_SOURCE -D_LARGEFILE64_SOURCE    -o CMakeFiles/cmTC_999e4.dir/TestEndianess.c.o   -c /home/kooli/Desktop/TSP-2A/CSC4508/cmocka/build/CMakeFiles/CMakeTmp/TestEndianess.c
Linking C executable cmTC_999e4
/usr/bin/cmake -E cmake_link_script CMakeFiles/cmTC_999e4.dir/link.txt --verbose=1
/usr/bin/cc   -std=gnu99 -pedantic -pedantic-errors -Wall -Wextra -Wshadow -Wmissing-prototypes -Wdeclaration-after-statement -Wunused -Wfloat-equal -Wpointer-arith -Wwrite-strings -Wformat-security -Wmissing-format-attribute -Wundef -Wstrict-prototypes -fPIC -fstack-protector -D_GNU_SOURCE -D_LARGEFILE64_SOURCE     CMakeFiles/cmTC_999e4.dir/TestEndianess.c.o  -o cmTC_999e4 -rdynamic 
make[1]: Leaving directory '/home/kooli/Desktop/TSP-2A/CSC4508/cmocka/build/CMakeFiles/CMakeTmp'

TestEndianess.c:
/* A 16 bit integer is required. */
typedef unsigned short cmakeint16;

/* On a little endian machine, these 16bit ints will give "THIS IS LITTLE ENDIAN."
   On a big endian machine the characters will be exchanged pairwise. */
const cmakeint16 info_little[] =  {0x4854, 0x5349, 0x4920, 0x2053, 0x494c, 0x5454, 0x454c, 0x4520, 0x444e, 0x4149, 0x2e4e, 0x0000};

/* on a big endian machine, these 16bit ints will give "THIS IS BIG ENDIAN."
   On a little endian machine the characters will be exchanged pairwise. */
const cmakeint16 info_big[] =     {0x5448, 0x4953, 0x2049, 0x5320, 0x4249, 0x4720, 0x454e, 0x4449, 0x414e, 0x2e2e, 0x0000};

#ifdef __CLASSIC_C__
int main(argc, argv) int argc; char *argv[];
#else
int main(int argc, char *argv[])
#endif
{
  int require = 0;
  require += info_little[argc];
  require += info_big[argc];
  (void)argv;
  return require;
}


